#=#=#=# Syncrun started 2021-10-29T15:17:21Z
#=#=#=#=# Propagation starts 2021-10-29T15:17:21Z (last step: 211 msec, total: 211 msec)
||CST|8|2|1629280365|375bb78:1629280365.167|0|58047352|4||0|0|0||
15:17:21||CST/CST STUDIO SUITE - High Frequency Simulation.pdf|8|2|1627987717|178812227942350848:df9f2a03|8835616|178812227942350848|4||200|0|0|1336f151-5e78-45c6-8fe4-8b908153373b|
15:17:21||CST/CST STUDIO SUITE - Low Frequency Simulation.pdf|8|2|1627987717|178812227673915392:f1aef97f|7278880|178812227673915392|4||200|0|0|3e7af702-0af9-40ff-acfc-09864fb29710|
||Downloads|8|2|1635518872|3bb562b:1635518873.409|0|62608939|4||0|0|0||
||Downloads/CERN Presentation template|8|2|1635518872|3bb562c:1635518873.409|0|62608940|4||0|0|0||
||Downloads/CERN Presentation template/texmf|8|2|1635518873|3bb562d:1635518873.409|0|62608941|4||0|0|0||
15:17:21||CST/CST STUDIO SUITE - Charged Particle Simulation.pdf|8|2|1627986670|178811754153771008:cdfb6b86|7033514|178811754153771008|4||200|0|0|98f0565a-1425-469d-aaa1-bcadde41231b|
15:17:21||CST/CST STUDIO SUITE - Getting Started.pdf|8|2|1627986670|178811753885335552:29a4be18|6930112|178811753885335552|4||200|0|0|dbd34037-0a89-411c-bf55-d1b6a14e3563|
15:17:21||Downloads/CERN Presentation template/texmf/beamerinnerthemecern.sty|8|2|1635518872|195384689161142272:2f8956b3|925|195384689161142272|4||200|0|0|d779c61a-1bfb-4aee-80bb-38742554de49|
15:17:21||Downloads/CERN Presentation template/texmf/beamerouterthemecern.sty|8|2|1635518873|195384692382367744:611c7c2b|1753|195384692382367744|4||200|0|0|b678952a-1b62-421b-aee0-bc4243bac26f|
15:17:21||Downloads/CERN Presentation template/texmf/beamerthemecern.sty|8|2|1635518873|195384690234884096:62149e6e|1164|195384690234884096|4||200|0|0|4f5a74a1-d5df-420e-b758-410312935bd4|
15:17:21||Downloads/CERN Presentation template/latexmkrc|8|2|1635518872|195384684597739520:7c830e9c|51|195384684597739520|4||200|0|0|56170a8d-909f-4900-945c-d995cbf3dcd5|
15:17:21||Downloads/CERN Presentation template/main.tex|8|2|1635518872|195384685134610432:2945cc7f|1965|195384685134610432|4||200|0|0|e8a7c80b-b99a-479d-94b5-0a0c575d512f|
15:17:21||Downloads/CERN Presentation template/cern-logo.pdf|8|2|1635518872|195384685671481344:ec14276f|3122|195384685671481344|4||200|0|0|0b6dd6a2-dff2-4b51-8af8-bb27ebcce42d|
15:17:21||Downloads/CERN Presentation template/texmf/beamercolorthemecern.sty|8|2|1635518872|195384689698013184:04335f27|298|195384689698013184|4||200|0|0|a8f48fb8-ad9f-4da6-9e48-a4fb56e1a6f8|
15:17:21||Downloads/18-2203-CANB3_installPrinter.sh|8|2|1635518860|195384652922355712:caa82184|107|195384652922355712|4||200|0|0|e97695d3-511a-4984-a0b6-669a8b6db93a|
15:17:21||Downloads/CERN Presentation template/texmf/beamerfontthemecern.sty|8|2|1635518873|195384691308625920:dbe831a9|819|195384691308625920|4||200|0|0|a9d1a6ab-d2c8-463c-94ed-0b3ab90dd9e5|
15:17:21||Downloads/CAS attestation DE LA FUENTE GARCIA.pdf|8|2|1635518871|195384679229030400:ed5848cb|204658|195384679229030400|4||200|0|0|146b31a2-5c1e-4fab-81d9-ac3ac3b8d27b|
15:17:21||Downloads/10.23730_CYRSP-2017-003.15.pdf|8|2|1635518857|195384641379631104:b0f4bb2e|1066763|195384641379631104|4||200|0|0|9d126647-d5f5-4b5b-8c62-df49ec96a6ca|
15:17:21||Downloads/CERN Presentation template.zip|8|2|1635518871|195384676544675840:0b48f063|6750|195384676544675840|4||200|0|0|730d391c-b6ed-44bf-90ab-7eae973da223|
15:17:21||Downloads/CERN-Activities_MK_english_Sept-2021.pdf|8|2|1635518858|195384645137727488:d7aa6eb0|7968671|195384645137727488|4||200|0|0|f202c379-a18f-41cf-b01f-3df6529a15da|
15:17:22||Downloads/Connecting the dots with Accelerators-English.pdf|8|2|1635518859|195384646479904768:df61fb6d|3259885|195384646479904768|4||200|0|0|49e47bdb-e22d-4312-a8aa-4ce0354e22f5|
15:17:22||Downloads/Document.rar|8|2|1635518871|195384678423724032:d3e8d1e4|1306618|195384678423724032|4||200|0|0|e88748cc-4c5e-4e6f-a576-861144601087|
15:17:22||Downloads/EFG-Numerical-methods.odp|8|2|1635518871|195384682718691328:48be8fa2|5021492|195384682718691328|4||200|0|0|8dfcbf72-15c0-4b0a-ad74-2301fe385088|
15:17:21||Downloads/CERN_Corporate 16x9_LibreOffice_7.04.otp_.zip|8|2|1635518859|195384647285211136:2efed832|6624570|195384647285211136|4||200|0|0|81b86d6b-fa6f-4504-8f39-09435dca0de5|
15:17:22||Downloads/PCBE16922.rdp|8|2|1635518871|195384677618417664:e4392aac|821|195384677618417664|4||200|0|0|06731c25-69aa-4378-abda-aa8d5d866b87|
15:17:22||Downloads/EFG-Numerical-methods.pptx|8|2|1635518860|195384651043307520:3f9d77c9|5166965|195384651043307520|4||200|0|0|05ff8021-1eef-4ce1-becf-03ed615fe3d7|
15:17:22||Downloads/Fiche_individuelle.doc|8|2|1635518858|195384643795550208:ac87ecb1|55296|195384643795550208|4||200|0|0|2af37138-dd3b-4791-bbc4-bc1853fc1d65|
15:17:22||Downloads/Screenshot 2021-09-21 at 16-39-52 Cheat sheet Numpy Python copy indd - Numpy_Python_Cheat_Sheet pdf.png|8|2|1635518857|195384642184937472:202e51ad|384372|195384642184937472|4||200|0|0|a6664585-0570-4ecf-8952-a11b5a51c60a|
15:17:21||Downloads/CAS_2019_modeling_and_simulations_part_1.pptx|8|2|1635518857|195384640574324736:6f0301de|15253119|195384640574324736|4||200|0|0|ed4adeb5-8f70-4c87-8864-096697d2cf1d|
15:17:22||Downloads/PoP_relmover_vay_08.pdf|8|2|1635518858|195384645406162944:8bc392a2|379171|195384645406162944|4||200|0|0|d485e56c-9d09-4229-abdf-34d2bbcaae27|
15:17:22||Downloads/Screenshot 2021-09-21 at 16-40-09 Python_Matplotlib_Cheat_Sheet pdf.png|8|2|1635518856|195384640305889280:4a8b17c0|369132|195384640305889280|4||200|0|0|b523cb32-3d9d-4807-add2-ff9403dfb30c|
15:17:22||Downloads/Screenshot 2021-09-21 at 16-40-50 Cheat sheet Pandas Python indd - PandasPythonForDataScience pdf.png|8|2|1635518859|195384649164259328:f5088357|333143|195384649164259328|4||200|0|0|8e69a0e6-9d7b-487f-8feb-a1ffe6d70a98|
15:17:22||Downloads/Screenshot 2021-09-21 at 16-40-38 Python_SciPy_Cheat_Sheet_Linear_Algebra pdf.png|8|2|1635518860|195384654801403904:6ddb0aab|403793|195384654801403904|4||200|0|0|c189a16e-e7e7-4e86-87f8-766dff128312|
15:17:22||Downloads/Screenshot 2021-09-21 at 16-41-04 Cheat sheet Seaborn indd - Python_Seaborn_Cheat_Sheet pdf.png|8|2|1635518860|195384651848613888:20baee6b|366139|195384651848613888|4||200|0|0|03bd9b6d-7b82-4e04-b269-50cf68a68a86|
15:17:22||Downloads/Waveguides.pdf|8|2|1635518860|195384654532968448:4d214236|1603865|195384654532968448|4||200|0|0|a84f6f01-0652-4409-b4d7-a88fa81678fe|
15:17:22||Downloads/TESIS.pdf|8|2|1635518861|195384655875145728:7520708f|4722278|195384655875145728|4||200|0|0|993bc869-f0d0-42ba-97d9-e8d5140a433d|
15:17:22||Downloads/embedded_PEC_boundaries_examples.pdf|8|2|1635518859|195384648358952960:f6a3a0a2|439819|195384648358952960|4||200|0|0|9838d095-2eb5-4ece-81b0-ba1f0705e10d|
15:17:22||Downloads/metropolis.zip|8|2|1635518858|195384642990243840:b5a4b263|205139|195384642990243840|4||200|0|0|4dc5f12f-3250-4a7f-bbbc-55f0bf962335|
||Numerical Methods|8|2|1632477103|375bb68:1632477103.369|0|58047336|4||0|0|0||
||Numerical Methods/FVTD|8|2|1629280433|375bc75:1629280433.372|0|58047605|4||0|0|0||
15:17:22||Downloads/metropolistheme.pdf|8|2|1635518860|195384653996097536:2762bb1e|121746|195384653996097536|4||200|0|0|a1b11253-f65c-4d2a-a175-6f56088093d0|
15:17:22||Numerical Methods/FVTD/Characteristic-based_algorithms_for_solving_the_Maxwell_equations_in_the_time_domain.pdf|8|2|1629280075|181139100026273792:16727fb6|1059539|181139100026273792|4||200|0|0|2a53facb-b8d6-4872-91c4-d291690e155c|
15:17:22||Downloads/Simulations_of_e_cloud_build_up_in_RF_devices.pdf|8|2|1635518872|195384683523997696:9b96246c|2708858|195384683523997696|4||200|0|0|6845afd0-3b69-4fab-8da2-d600acb315f4|
15:17:22||Numerical Methods/FVTD/An_Implicit_Characteristic_Based_Method.pdf|8|2|1629280085|181139107810902016:340c2ca7|1137705|181139107810902016|4||200|0|0|bc770e3c-d183-4e20-bcb9-6eddca50688f|
15:17:22||Numerical Methods/FVTD/FVTDwithadaptativemesh.pdf|8|2|1629280067|181139089020420096:d74d27fa|866610|181139089020420096|4||200|0|0|ccf020b5-7982-4033-92af-0fbe05d64ad7|
15:17:22||Numerical Methods/FVTD/Godunov-Maxwell.pdf|8|2|1628675900|179771160995561472:0aa51aef|2818142|179771160995561472|4||200|0|0|f19ddb11-62dd-4f28-a04f-55192e9eabcd|
15:17:22||Numerical Methods/Electromagnetic_Simulation_Using_the_FDTD_Method.pdf|8|2|1629280095|181139134386012160:f6b72232|5533252|181139134386012160|4||200|0|0|54551043-7895-4720-9b1f-bff6696f8d50|
15:17:23||Numerical Methods/Leapfrog-highorder-maxwell.pdf|8|2|1628145250|179019323480735744:aefba4c0|539926|179019323480735744|4||200|0|0|34e6220b-7265-4a20-a286-230b2160d8d3|
15:17:23||Numerical Methods/Yee-first-staggered-leepfrog.pdf|8|2|1628145249|179019322943864832:2d0ac00e|421097|179019322943864832|4||200|0|0|af859c57-a693-4f25-a763-fed1ebf0de2e|
15:17:23||Numerical Methods/FVTD/Characteristic_Based_Methods_for_the_Time-Domain_M.pdf|8|2|1629280076|181139100294709248:d180a703|1639786|181139100294709248|4||200|0|0|ee161260-61f8-47ea-be80-6d9e03c333ff|
15:17:23||Scripts|8|1|1635408549||4096|62613990|4||201|0|0|6f04d092-8285-47ee-940d-3c1d9256e93f|
15:17:23||Numerical Methods/acceso.txt|8|2|1632477103|187899707920482304:38065f9f|285|187899707920482304|4||200|0|0|2e572167-68ce-4371-b54d-ed6ac4deee79|
15:17:23||Scripts/cube_cavity|8|1|1635518367||4096|62613991|4||201|0|0|9d465edf-16fc-4e3d-ba15-9f0dc0f9afad|
15:17:23||Scripts/cube_cavity/images|8|1|1634895038||4096|62613992|4||201|0|0|4bc64738-005a-41c6-a0af-817ee475b176|
15:17:23||Scripts/cube_cavity/images/Ex|8|1|1631093818||4096|62613993|4||201|0|0|c1d01724-e88b-48d0-892b-f9ad8704561a|
15:17:23||Scripts/cube_cavity/images/Ey|8|1|1631093798||4096|62613994|4||201|0|0|aacc1124-dbde-4699-8667-c2a25b9f4f5c|
15:17:23||Scripts/cube_cavity/images/Ez|8|1|1635427584||4096|62613995|4||201|0|0|68fe5ce6-8a8b-40be-aeed-fa5eeefee1bd|
15:17:23||Numerical Methods/leapfro-unstaggered-maxwell.pdf|8|2|1628145249|179019323212300288:77251ec8|1991628|179019323212300288|4||200|0|0|a230f185-304d-4ed4-90c7-e1a981cfbea7|
15:17:23||Scripts/cube_cavity/images/Ex/Ex_10.png|8|1|1631700112|195395519726485504:7b9f7cdd|22037|195395519726485504|4||201|0|0|59759979-fd91-46fc-92e0-841ff47f5758|
15:17:23||Scripts/cube_cavity/cube_cavity.py|8|1|1631093770|195395518921179136:5bad28df|6295|195395518921179136|4||201|0|0|27fe700a-2ff5-4389-9357-b284a211250c|
15:17:23||Scripts/cube_cavity/images/Ex/Ex_110.png|8|1|1631700150|195395520263356416:973166c7|23003|195395520263356416|4||201|0|0|c3ab4314-7478-494b-8c32-4d4e4b21e85c|
15:17:23||Scripts/cube_cavity/images/Ex/Ex_120.png|8|1|1631700153|195395520531791872:7f26d634|22452|195395520531791872|4||201|0|0|9bf15ef3-3933-4800-8122-bcd3d7986dfb|
15:17:23||Scripts/cube_cavity/images/Ex/Ex_130.png|8|1|1631700157|195395520800227328:cc0d7e2b|22967|195395520800227328|4||201|0|0|6841eb4d-6643-4435-9308-05a4c74d8432|
15:17:23||Scripts/cube_cavity/images/Ex/Ex_150.png|8|1|1631700164|195395521337098240:309a57cc|22533|195395521337098240|4||201|0|0|139d5f02-2612-42d0-8041-555c6f53c3da|
15:17:23||Scripts/cube_cavity/images/Ex/Ex_140.png|8|1|1631700160|195395521068662784:79b83092|21927|195395521068662784|4||201|0|0|b0171962-b3a8-4bc8-a573-9c15d66c425b|
15:17:23||Scripts/cube_cavity/images/Ex/Ex_0.png|8|1|1631700108|195395519458050048:b8bc87b0|21683|195395519458050048|4||201|0|0|dc039e60-aa0c-4534-bb16-3e727e2488e5|
15:17:23||Scripts/cube_cavity/images/Ex/Ex_160.png|8|1|1631700167|195395521605533696:1c60334f|22329|195395521605533696|4||201|0|0|a2d29b30-a81d-44d8-87e5-43f5f0b024db|
15:17:23||Scripts/cube_cavity/images/Ex/Ex_170.png|8|1|1631700171|195395521873969152:f827fac8|22416|195395521873969152|4||201|0|0|9118f73b-20c6-42a4-a3d0-b2917123701a|
15:17:23||Scripts/cube_cavity/images/Ex/Ex_190.png|8|1|1631700178|195395522410840064:190bb308|22657|195395522410840064|4||201|0|0|ebc32f3d-a82d-403e-806f-1ee7c633f186|
15:17:23||Scripts/cube_cavity/images/Ex/Ex_180.png|8|1|1631700174|195395522142404608:22b1c936|22221|195395522142404608|4||201|0|0|7946226a-5b84-4dda-989e-d0fde47794ae|
15:17:23||Scripts/cube_cavity/images/Ex/Ex_200.png|8|1|1631700181|195395522947710976:e090463b|21994|195395522947710976|4||201|0|0|a5807ae9-49b4-4ed3-b1c8-b3d68e643759|
15:17:23||Scripts/cube_cavity/images/Ex/Ex_20.png|8|1|1631700116|195395522679275520:3bcd3fd9|21353|195395522679275520|4||201|0|0|6fabdacf-c381-4c91-8c74-6efe14dbe6a7|
15:17:23||Scripts/cube_cavity/images/Ex/Ex_210.png|8|1|1631700185|195395523216146432:7fcc889d|22178|195395523216146432|4||201|0|0|8c2dc74d-5216-4b10-bda9-9525234e7d92|
15:17:23||Scripts/cube_cavity/images/Ex/Ex_230.png|8|1|1631700192|195395523484581888:f582574f|22076|195395523484581888|4||201|0|0|fcc2b1bb-7c34-4d2d-9392-61661f942bb5|
15:17:23||Scripts/cube_cavity/images/Ex/Ex_100.png|8|1|1631700146|195395519994920960:5eb556ce|22215|195395519994920960|4||201|0|0|620cdd80-e006-4044-a3cb-a977401ec013|
15:17:23||Scripts/cube_cavity/images/Ex/Ex_250.png|8|1|1631700199|195395524021452800:60604664|23551|195395524021452800|4||201|0|0|efdbd3ee-b8b9-4f26-ba03-dfd5a1d3526d|
15:17:23||Scripts/cube_cavity/images/Ex/Ex_220.png|8|1|1631700188|195395523753017344:510e18b8|21898|195395523753017344|4||201|0|0|21da2ea7-362e-4beb-ada1-7625d370091b|
15:17:23||Scripts/cube_cavity/images/Ex/Ex_240.png|8|1|1631700195|195395524289888256:0e685e21|23246|195395524289888256|4||201|0|0|bae3bf79-2dd1-41d8-863e-afcab9eb2afa|
15:17:23||Scripts/cube_cavity/images/Ex/Ex_260.png|8|1|1631700202|195395524558323712:2f219879|23444|195395524558323712|4||201|0|0|dbab41fe-43f5-47b5-806d-c77c056e8d49|
15:17:23||Scripts/cube_cavity/images/Ex/Ex_270.png|8|1|1631700206|195395524826759168:7b264066|24548|195395524826759168|4||201|0|0|9d80af15-ad45-43de-b62e-cff9d71c3d03|
15:17:23||Scripts/cube_cavity/images/Ex/Ex_280.png|8|1|1631700209|195395525095194624:6c1ab082|24769|195395525095194624|4||201|0|0|dd76d8be-bf10-490a-b4de-d27f9025aacd|
15:17:23||Scripts/cube_cavity/images/Ex/Ex_290.png|8|1|1631700213|195395525363630080:5ab9b3a6|25489|195395525363630080|4||201|0|0|79d2c495-745e-4fc4-9d46-cfd621486a42|
15:17:23||Scripts/cube_cavity/images/Ex/Ex_30.png|8|1|1631700120|195395525632065536:c30de75f|22240|195395525632065536|4||201|0|0|bc530f1b-bdb6-4ca8-87fc-ece5d879e068|
15:17:23||Scripts/cube_cavity/images/Ex/Ex_310.png|8|1|1631700220|195395526168936448:4c762b0a|26740|195395526168936448|4||201|0|0|53c8d07a-d4e5-4cfd-91f4-0960cb94983a|
15:17:23||Scripts/cube_cavity/images/Ex/Ex_300.png|8|1|1631700216|195395525900500992:750120cc|25293|195395525900500992|4||201|0|0|2287d220-7f19-45d4-aaf3-7306386bb84a|
15:17:23||Scripts/cube_cavity/images/Ex/Ex_320.png|8|1|1631700223|195395526437371904:8294489e|26492|195395526437371904|4||201|0|0|034f4f80-9873-4bf4-8d8f-acd247a9347e|
15:17:23||Scripts/cube_cavity/images/Ex/Ex_330.png|8|1|1631700226|195395526705807360:556aaecf|26757|195395526705807360|4||201|0|0|becb7bd6-0f1c-45d4-8e2a-1f01019de490|
15:17:23||Scripts/cube_cavity/images/Ex/Ex_340.png|8|1|1631700230|195395526974242816:af430aa4|26956|195395526974242816|4||201|0|0|444e3553-14f0-4b8e-a03b-05348efc36d3|
15:17:23||Scripts/cube_cavity/images/Ex/Ex_360.png|8|1|1631700237|195395527511113728:20d42296|26728|195395527511113728|4||201|0|0|70642e8e-3387-4432-9c23-1d5082801657|
15:17:23||Scripts/cube_cavity/images/Ex/Ex_370.png|8|1|1631700240|195395527779549184:8dcbd8e1|25786|195395527779549184|4||201|0|0|22c8abe8-2137-4d10-8f53-01999fa35dae|
15:17:23||Scripts/cube_cavity/images/Ex/Ex_350.png|8|1|1631700233|195395527242678272:cde078d3|26442|195395527242678272|4||201|0|0|5be276c7-b617-469d-a72e-ef3eb7f5543a|
15:17:23||Scripts/cube_cavity/images/Ex/Ex_390.png|8|1|1631700247|195395528316420096:8db70c74|25247|195395528316420096|4||201|0|0|a3f6033b-6ed0-4cf4-b81f-81692b396461|
15:17:23||Scripts/cube_cavity/images/Ex/Ex_40.png|8|1|1631700124|195395528584855552:c97db8b0|22570|195395528584855552|4||201|0|0|6f4e4fe8-7c8d-44a2-b462-1151c010d2b4|
15:17:23||Scripts/cube_cavity/images/Ex/Ex_400.png|8|1|1631700251|195395529121726464:ea466d36|24673|195395529121726464|4||201|0|0|2a980efd-ae33-4fe5-879a-e6db9d306107|
15:17:23||Scripts/cube_cavity/images/Ex/Ex_420.png|8|1|1631700258|195395529390161920:00c13e3e|24943|195395529390161920|4||201|0|0|1b80cfff-39e8-4026-8288-11572f5d8447|
15:17:23||Scripts/cube_cavity/images/Ex/Ex_410.png|8|1|1631700254|195395528853291008:a44c8d2f|25243|195395528853291008|4||201|0|0|66679a98-e832-4aa7-b21f-139e26c6806a|
15:17:23||Scripts/cube_cavity/images/Ex/Ex_440.png|8|1|1631700265|195395529927032832:e7231bc1|25390|195395529927032832|4||201|0|0|2157fe9d-acec-4732-baf3-ae22b9523c80|
15:17:23||Scripts/cube_cavity/images/Ex/Ex_430.png|8|1|1631700261|195395529658597376:e2c5fad9|25006|195395529658597376|4||201|0|0|814ee110-c134-4220-bc8d-a1f99c7c5fff|
15:17:23||Scripts/cube_cavity/images/Ex/Ex_450.png|8|1|1631700268|195395530195468288:5977947d|25551|195395530195468288|4||201|0|0|f6c06fc6-5049-4491-989e-ee75f96288c1|
15:17:23||Scripts/cube_cavity/images/Ex/Ex_460.png|8|1|1631700272|195395530463903744:7af6cf6c|25097|195395530463903744|4||201|0|0|9dd34a61-8971-47b7-9ba5-42bdf123a778|
15:17:23||Scripts/cube_cavity/images/Ex/Ex_470.png|8|1|1631700275|195395530732339200:ae4694c2|25539|195395530732339200|4||201|0|0|bebc31cf-9d18-4808-b7d0-727bae9a6cbe|
15:17:23||Scripts/cube_cavity/images/Ex/Ex_480.png|8|1|1631700279|195395531000774656:13e95d8d|25401|195395531000774656|4||201|0|0|1e32f8e9-bebc-449f-b7d1-8274c7c8d08e|
15:17:23||Scripts/cube_cavity/images/Ex/Ex_490.png|8|1|1631700282|195395531269210112:d6c6604d|25003|195395531269210112|4||201|0|0|f74a3fbd-98ec-42fd-a99b-2824fea5b7e4|
15:17:23||Scripts/cube_cavity/images/Ex/Ex_50.png|8|1|1631700128|195395531537645568:efcb03e9|22789|195395531537645568|4||201|0|0|4bdd7b95-7d46-4c30-ae66-c4abce0f02e4|
15:17:23||Scripts/cube_cavity/images/Ex/Ex_500.png|8|1|1631700286|195395531806081024:40e76167|25450|195395531806081024|4||201|0|0|6c0c72a1-188c-4fc9-841d-4b0550f0717d|
15:17:23||Scripts/cube_cavity/images/Ex/Ex_510.png|8|1|1631700289|195395532074516480:0cebc4c5|25297|195395532074516480|4||201|0|0|cb8718fa-dff9-4f10-b37e-3654937eb4d3|
15:17:23||Scripts/cube_cavity/images/Ex/Ex_520.png|8|1|1631700293|195395532342951936:7f42d925|25272|195395532342951936|4||201|0|0|0e34dfe4-9e25-4010-a134-f5aad10ac42a|
15:17:23||Scripts/cube_cavity/images/Ex/Ex_530.png|8|1|1631700296|195395532611387392:bf95f82c|26220|195395532611387392|4||201|0|0|f9b1d808-efd6-4d15-a67a-7c97fd933cf9|
15:17:23||Scripts/cube_cavity/images/Ex/Ex_540.png|8|1|1631700300|195395532879822848:6b2cef9b|25281|195395532879822848|4||201|0|0|3cf5b39c-4529-43d7-9796-2d0fc3ed1294|
15:17:23||Scripts/cube_cavity/images/Ex/Ex_550.png|8|1|1631700303|195395533148258304:2f0426e8|25664|195395533148258304|4||201|0|0|7c0cb7cf-6ad3-4c0e-b5ef-2fcdd31ba020|
15:17:23||Scripts/cube_cavity/images/Ex/Ex_560.png|8|1|1631700307|195395533416693760:0e307484|26056|195395533416693760|4||201|0|0|96270b39-c661-4209-a5a5-d6362a93eb17|
15:17:23||Scripts/cube_cavity/images/Ex/Ex_570.png|8|1|1631700310|195395533685129216:90439aa6|25109|195395533685129216|4||201|0|0|a836d477-083c-48fd-b779-e37956d6d754|
15:17:23||Scripts/cube_cavity/images/Ex/Ex_60.png|8|1|1631700131|195395534490435584:6b8a05f8|22416|195395534490435584|4||201|0|0|aabccc95-587d-4b47-8ef7-a5780408a3ea|
15:17:23||Scripts/cube_cavity/images/Ex/Ex_580.png|8|1|1631700314|195395533953564672:64c633c4|25532|195395533953564672|4||201|0|0|4ac3f3df-f7f5-4dd5-84f9-ce0e8d8b754e|
15:17:23||Scripts/cube_cavity/images/Ex/Ex_590.png|8|1|1631700317|195395534222000128:5dd6603a|25085|195395534222000128|4||201|0|0|723f1b13-e9d7-4a74-a1cd-836c3fb4e86b|
15:17:23||Scripts/cube_cavity/images/Ex/Ex_600.png|8|1|1631700321|195395534758871040:b847daad|25199|195395534758871040|4||201|0|0|d7490589-b467-4d7a-a535-13aba6e389e3|
15:17:24||Scripts/cube_cavity/images/Ex/Ex_620.png|8|1|1631700328|195395535564177408:6e3ffe35|25785|195395535564177408|4||201|0|0|3159f37d-6dc2-4d4c-a0fd-63b92ecc495a|
15:17:24||Scripts/cube_cavity/images/Ex/Ex_630.png|8|1|1631700331|195395535295741952:d6f21ae8|25380|195395535295741952|4||201|0|0|054fb3d5-038b-476a-a921-f77765055520|
15:17:24||Scripts/cube_cavity/images/Ex/Ex_640.png|8|1|1631700335|195395535832612864:c92e92e2|25458|195395535832612864|4||201|0|0|690acfaf-be70-422f-a22b-bfea2d65d1a3|
15:17:24||Scripts/cube_cavity/images/Ex/Ex_610.png|8|1|1631700324|195395535027306496:c072ae51|25071|195395535027306496|4||201|0|0|2b2c2979-e1e8-4194-a5a3-d7cbef5b1c07|
15:17:24||Scripts/cube_cavity/images/Ex/Ex_650.png|8|1|1631700338|195395536101048320:f2dbf021|25780|195395536101048320|4||201|0|0|efcd03db-fbbf-4a40-82c6-26bd20607065|
15:17:24||Scripts/cube_cavity/images/Ex/Ex_660.png|8|1|1631700342|195395536369483776:45832161|25614|195395536369483776|4||201|0|0|4b26d252-9747-45a1-b5c9-f5e6e082cf66|
15:17:24||Scripts/cube_cavity/images/Ex/Ex_670.png|8|1|1631700345|195395536637919232:809fe89f|25288|195395536637919232|4||201|0|0|b8399e9d-3d53-46ab-81c4-0b4fdaacdfdc|
15:17:24||Scripts/cube_cavity/images/Ex/Ex_680.png|8|1|1631700349|195395536906354688:7056d146|25270|195395536906354688|4||201|0|0|cc7a625d-314a-40fd-b9c8-b611d5e1eb11|
15:17:24||Scripts/cube_cavity/images/Ex/Ex_690.png|8|1|1631700352|195395537443225600:f0405f44|25457|195395537443225600|4||201|0|0|c8141a9a-8464-41ab-b77c-e4430d1e3937|
15:17:24||Scripts/cube_cavity/images/Ex/Ex_730.png|8|1|1631700366|195395538248531968:a4ed5a0c|24859|195395538248531968|4||201|0|0|e078476f-8e98-4307-bed1-f267ed424d3b|
15:17:24||Scripts/cube_cavity/images/Ex/Ex_710.png|8|1|1631700359|195395537980096512:f299ede4|25195|195395537980096512|4||201|0|0|9e11ba9d-85ae-4d44-a81a-84e5a7873c42|
15:17:24||Scripts/cube_cavity/images/Ex/Ex_700.png|8|1|1631700356|195395537711661056:7b5f4066|25564|195395537711661056|4||201|0|0|d74c9c7b-ee64-4c9a-88b9-c6bcc7c77d20|
15:17:24||Scripts/cube_cavity/images/Ex/Ex_70.png|8|1|1631700135|195395537174790144:8eb1418a|22358|195395537174790144|4||201|0|0|2a63a719-03c8-4d54-adfb-34337b325513|
15:17:24||Scripts/cube_cavity/images/Ex/Ex_380.png|8|1|1631700244|195395528047984640:3857dcc3|25452|195395528047984640|4||201|0|0|67ecfd02-1243-4bc9-b37c-54faad539f57|
15:17:24||Scripts/cube_cavity/images/Ex/Ex_740.png|8|1|1631700370|195395540664451072:d3e2663f|25564|195395540664451072|4||201|0|0|cd5d9b90-7d80-4516-99d5-936166bf9301|
15:17:24||Scripts/cube_cavity/images/Ex/Ex_750.png|8|1|1631700373|195395540932886528:5ccd44d1|25460|195395540932886528|4||201|0|0|3be4f8bf-8952-46af-a6ea-73f47120a5a0|
15:17:24||Scripts/cube_cavity/images/Ex/Ex_760.png|8|1|1631700377|195395541201321984:cd414259|25914|195395541201321984|4||201|0|0|6c168409-8d41-4bf6-9c48-3fa54b8b83d8|
15:17:24||Scripts/cube_cavity/images/Ex/Ex_780.png|8|1|1631700384|195395541738192896:0a150cec|25735|195395541738192896|4||201|0|0|87076613-25c4-47ef-a3d6-7c730afb0839|
15:17:24||Scripts/cube_cavity/images/Ex/Ex_770.png|8|1|1631700380|195395541469757440:c6e3b167|25749|195395541469757440|4||201|0|0|fcf9dd9e-527f-41c5-a4df-c30691aa790a|
15:17:24||Scripts/cube_cavity/images/Ex/Ex_790.png|8|1|1631700387|195395542006628352:4ea9351b|25493|195395542006628352|4||201|0|0|744245db-b2f0-4452-970c-955da7cd5d2e|
15:17:24||Scripts/cube_cavity/images/Ex/Ex_720.png|8|1|1631700363|195395540396015616:8f03cb38|25201|195395540396015616|4||201|0|0|1c88919b-bb7a-4e65-8150-8f7d85186315|
15:17:24||Scripts/cube_cavity/images/Ex/Ex_80.png|8|1|1631700139|195395542275063808:1c4bd2a8|22566|195395542275063808|4||201|0|0|051be3c7-e015-4785-a4d1-c137c16a98a5|
15:17:24||Scripts/cube_cavity/images/Ex/Ex_810.png|8|1|1631700394|195395542811934720:038321a0|26090|195395542811934720|4||201|0|0|0be8a605-f596-48b9-9184-4039db123931|
15:17:24||Scripts/cube_cavity/images/Ex/Ex_820.png|8|1|1631700397|195395543080370176:db2da3ce|25158|195395543080370176|4||201|0|0|3eeb2134-8b3b-4b78-b6c6-b1098d95fa3f|
15:17:24||Scripts/cube_cavity/images/Ex/Ex_800.png|8|1|1631700390|195395542543499264:d73e4474|24858|195395542543499264|4||201|0|0|dafe5aa4-9e64-4b09-8455-eed404e5999e|
15:17:24||Scripts/cube_cavity/images/Ex/Ex_840.png|8|1|1631700404|195395543617241088:3f72e8e7|25734|195395543617241088|4||201|0|0|3770d6e2-aa0f-4a0c-87dd-9eada936709f|
15:17:24||Scripts/cube_cavity/images/Ex/Ex_870.png|8|1|1631700415|195395544422547456:f17fd0d2|25423|195395544422547456|4||201|0|0|48ea5dc0-f4e8-428b-b01b-eded5eda71dd|
15:17:24||Scripts/cube_cavity/images/Ex/Ex_860.png|8|1|1631700411|195395544154112000:2735e38a|24687|195395544154112000|4||201|0|0|0db356ad-7523-4e05-8566-93c45545c46d|
15:17:24||Scripts/cube_cavity/images/Ex/Ex_880.png|8|1|1631700418|195395544690982912:9efc62a0|26090|195395544690982912|4||201|0|0|86dde39a-20b6-40a5-9b4c-fe0a21daf69b|
15:17:24||Scripts/cube_cavity/images/Ex/Ex_850.png|8|1|1631700408|195395543885676544:749a02bf|25505|195395543885676544|4||201|0|0|7c595fde-d444-434d-9bf2-83a9d4ff8394|
15:17:24||Scripts/cube_cavity/images/Ex/Ex_890.png|8|1|1631700422|195395544959418368:a4d8bcb9|25171|195395544959418368|4||201|0|0|ebd04d7f-2dc6-48e6-9b15-6827c5b0a294|
15:17:24||Scripts/cube_cavity/images/Ex/Ex_900.png|8|1|1631700425|195395545764724736:6287bbcb|25706|195395545764724736|4||201|0|0|691d082f-c43d-4f07-abcc-f0434ede6029|
15:17:24||Scripts/cube_cavity/images/Ex/Ex_920.png|8|1|1631700432|195395546301595648:c12a1776|25474|195395546301595648|4||201|0|0|1a4358da-a995-4fee-b88a-2c4ef9bb5230|
15:17:24||Scripts/cube_cavity/images/Ex/Ex_910.png|8|1|1631700429|195395546033160192:69122142|25453|195395546033160192|4||201|0|0|1ddd00b5-8900-4dd0-89c8-ef279caad9e2|
15:17:24||Scripts/cube_cavity/images/Ex/Ex_930.png|8|1|1631700436|195395546570031104:2dc1f102|25308|195395546570031104|4||201|0|0|75b3ad5e-5979-45e9-97af-5a5be5e4b213|
15:17:24||Scripts/cube_cavity/images/Ex/Ex_940.png|8|1|1631700439|195395546838466560:fec7ec0d|25226|195395546838466560|4||201|0|0|fd6c4039-3235-4862-b178-802928864964|
15:17:24||Scripts/cube_cavity/images/Ex/Ex_950.png|8|1|1631700443|195395547106902016:02638892|25063|195395547106902016|4||201|0|0|a4c38da5-1673-4a5b-bd9a-924042d13e2d|
15:17:24||Scripts/cube_cavity/images/Ex/Ex_960.png|8|1|1631700446|195395547375337472:414b4c74|25537|195395547375337472|4||201|0|0|d2243b1c-f69a-4be9-b171-f48b004d8aef|
15:17:24||Scripts/cube_cavity/images/Ex/Ex_970.png|8|1|1631700450|195395547643772928:34254270|24672|195395547643772928|4||201|0|0|0f57a530-06c8-4539-8860-1283280089bf|
15:17:24||Scripts/cube_cavity/images/Ex/Ex_830.png|8|1|1631700401|195395543348805632:97ce5195|25382|195395543348805632|4||201|0|0|01d0cc20-f3c4-411b-bfb3-ab2cf920d966|
15:17:24||Scripts/cube_cavity/images/Ex/Ex_980.png|8|1|1631700453|195395547912208384:ecc2c00a|25112|195395547912208384|4||201|0|0|1b254959-3bb8-49a0-8c52-aec55a06648e|
15:17:24||Scripts/cube_cavity/images/Ex/Ex_990.png|8|1|1631700457|195395548180643840:58802f97|25300|195395548180643840|4||201|0|0|e0f0c94d-4980-421b-9dfd-2fcd61b7b83f|
15:17:24||Scripts/cube_cavity/images/Ey/Ey_0.png|8|1|1631093792|195395548449079296:6c54d0fe|22886|195395548449079296|4||201|0|0|1f313764-cd7c-420c-b8d0-43d6afeac57f|
15:17:24||Scripts/cube_cavity/images/Ey/Ey_10.png|8|1|1631093794|195395548717514752:eed3dd48|22794|195395548717514752|4||201|0|0|95f6bb1d-2f6f-425e-87b1-69b66226c196|
15:17:24||Scripts/cube_cavity/images/Ey/Ey_100.png|8|1|1631093783|195395548985950208:a8c52f9c|26374|195395548985950208|4||201|0|0|b8f97936-9f68-4dc4-a0da-92d7adf7da3a|
15:17:24||Scripts/cube_cavity/images/Ex/Ex_cubecavity.mp4|8|1|1631093804|195395549254385664:4615621b|427602|195395549254385664|4||201|0|0|5e27c9f0-ec20-41b4-a521-d9de4f7efc59|
15:17:25||Scripts/cube_cavity/images/Ey/Ey_130.png|8|1|1631093775|195395549791256576:d6eb3c13|28065|195395549791256576|4||201|0|0|a8b0f842-a525-4727-acb3-9182c37bef52|
15:17:24||Scripts/cube_cavity/images/Ex/Ex_90.png|8|1|1631700143|195395545227853824:1852945e|22459|195395545227853824|4||201|0|0|d7194892-9148-4fde-87cf-0097bcadfec2|
15:17:25||Scripts/cube_cavity/images/Ey/Ey_120.png|8|1|1631093775|195395550059692032:d8116c89|45172|195395550059692032|4||201|0|0|278c2f2e-2482-4eb9-a03b-49a234f0b06b|
15:17:25||Scripts/cube_cavity/images/Ey/Ey_150.png|8|1|1631093783|195395550596562944:8507011d|46402|195395550596562944|4||201|0|0|a40ea4b3-249d-4fce-a2ae-c9fed5b66f8a|
15:17:25||Scripts/cube_cavity/images/Ey/Ey_140.png|8|1|1631093779|195395550328127488:b86d9d65|46122|195395550328127488|4||201|0|0|7f9ae840-64aa-4d95-ab31-6df1d8dbf1d5|
15:17:25||Scripts/cube_cavity/images/Ey/Ey_160.png|8|1|1631093781|195395550864998400:4a3811bc|41504|195395550864998400|4||201|0|0|f7e7cf34-cb1b-4b06-af92-ca0b96fa57de|
15:17:25||Scripts/cube_cavity/images/Ey/Ey_170.png|8|1|1631093780|195395551133433856:61623d93|37320|195395551133433856|4||201|0|0|25dc4cbb-fc4c-4362-99ff-e5956af062a4|
15:17:25||Scripts/cube_cavity/images/Ey/Ey_180.png|8|1|1631093774|195395551401869312:13982209|48179|195395551401869312|4||201|0|0|b4be63ee-646c-46f0-b43e-337b6fa9282c|
15:17:25||Scripts/cube_cavity/images/Ey/Ey_110.png|8|1|1631093784|195395549522821120:a64709bd|44877|195395549522821120|4||201|0|0|1f5ad060-8e1e-453b-b0ae-2c90b4a8e2cf|
15:17:25||Scripts/cube_cavity/images/Ey/Ey_20.png|8|1|1631093774|195395551670304768:4d33c7de|22288|195395551670304768|4||201|0|0|d2f8fda7-7a2e-4382-8968-0c6f800baa55|
15:17:25||Scripts/cube_cavity/images/Ey/Ey_200.png|8|1|1631093790|195395551938740224:e0c074e2|39378|195395551938740224|4||201|0|0|de51d1c6-a99d-4b9c-8b5d-4261f91d3733|
15:17:25||Scripts/cube_cavity/images/Ey/Ey_210.png|8|1|1631093798|195395552207175680:ab357de1|41732|195395552207175680|4||201|0|0|4d74537f-43ba-440a-ab6d-665265a5048f|
15:17:25||Scripts/cube_cavity/images/Ey/Ey_220.png|8|1|1631093776|195395552475611136:c65aad31|40623|195395552475611136|4||201|0|0|4d95df10-5b11-42f8-aafb-6f544abef4a2|
15:17:25||Scripts/cube_cavity/images/Ey/Ey_190.png|8|1|1631093797|195395552744046592:d2b7fc42|49213|195395552744046592|4||201|0|0|55ccb4e8-336a-47a5-8662-9207f724dc6a|
15:17:25||Scripts/cube_cavity/images/Ey/Ey_230.png|8|1|1631093784|195395553549352960:9a2d06f8|45211|195395553549352960|4||201|0|0|79c8602b-ada8-4df1-b474-d9a959418b25|
15:17:25||Scripts/cube_cavity/images/Ey/Ey_240.png|8|1|1631093782|195395553280917504:73008580|47863|195395553280917504|4||201|0|0|af7b895b-7e54-4f9f-8b89-33ed419ecc2c|
15:17:25||Scripts/cube_cavity/images/Ey/Ey_250.png|8|1|1631093795|195395553817788416:6c5db076|45977|195395553817788416|4||201|0|0|500d654c-ebb9-4cf3-8fd7-cec94189b2b1|
15:17:25||Scripts/cube_cavity/images/Ey/Ey_260.png|8|1|1631093785|195395554086223872:29c96f98|48108|195395554086223872|4||201|0|0|45e87258-53cd-49ed-9a33-1e1fa187019c|
15:17:25||Scripts/cube_cavity/images/Ey/Ey_270.png|8|1|1631093792|195395554354659328:481eb723|46185|195395554354659328|4||201|0|0|75d007b0-a047-4f73-aa5d-3692278be2e7|
15:17:25||Scripts/cube_cavity/images/Ey/Ey_280.png|8|1|1631093797|195395554623094784:07c6fb66|55904|195395554623094784|4||201|0|0|3e8951ed-03d0-42c7-810e-bb3ff914ba5b|
15:17:25||Scripts/cube_cavity/images/Ey/Ey_290.png|8|1|1631093777|195395554891530240:5477b0a4|56156|195395554891530240|4||201|0|0|95703538-0b4d-4e17-ae73-f33c4e0d4fc2|
15:17:25||Scripts/cube_cavity/images/Ey/Ey_30.png|8|1|1631093795|195395555159965696:8c164b7a|22037|195395555159965696|4||201|0|0|341e82ec-055b-4cd0-b3e3-f96ebfa68874|
15:17:25||Scripts/cube_cavity/images/Ey/Ey_300.png|8|1|1631093795|195395555696836608:bfb39b5f|51261|195395555696836608|4||201|0|0|691042cd-083b-4ad1-9c93-b80c1e2ac4b2|
15:17:25||Scripts/cube_cavity/images/Ey/Ey_310.png|8|1|1631093779|195395555428401152:da730502|51122|195395555428401152|4||201|0|0|5f9370d9-692c-485a-b8cb-382226b595d8|
15:17:25||Scripts/cube_cavity/images/Ey/Ey_320.png|8|1|1631093776|195395556502142976:b6e2353e|52443|195395556502142976|4||201|0|0|5072003f-2954-4663-b856-58658ac1b2d8|
15:17:25||Scripts/cube_cavity/images/Ey/Ey_330.png|8|1|1631093793|195395556770578432:c3a08dba|48189|195395556770578432|4||201|0|0|7bdb5fa4-2aad-4c75-806d-3c572ba8a3cf|
15:17:25||Scripts/cube_cavity/images/Ey/Ey_340.png|8|1|1631093790|195395557575884800:964092bd|53386|195395557575884800|4||201|0|0|58c1277d-a071-4b9f-ad99-b04b11a689b7|
15:17:25||Scripts/cube_cavity/images/Ey/Ey_360.png|8|1|1631093794|195395558112755712:c740b02a|54203|195395558112755712|4||201|0|0|83ed8fef-47b1-4567-a532-7e518daa0967|
15:17:25||Scripts/cube_cavity/images/Ey/Ey_400.png|8|1|1631093791|195395559454932992:eb35d066|49084|195395559454932992|4||201|0|0|2ebda525-3088-4f37-9abd-53615c06a38e|
15:17:25||Scripts/cube_cavity/images/Ey/Ey_390.png|8|1|1631093784|195395558918062080:5458ecc5|59287|195395558918062080|4||201|0|0|2540bf6b-1eb5-40b7-9e65-fcc2d29bb386|
15:17:25||Scripts/cube_cavity/images/Ey/Ey_350.png|8|1|1631093795|195395557844320256:63976dc2|53539|195395557844320256|4||201|0|0|d956fe68-a9b1-49f7-93c8-171ded9bd3f9|
15:17:25||Scripts/cube_cavity/images/Ey/Ey_370.png|8|1|1631093782|195395558381191168:1e2ba9c8|57593|195395558381191168|4||201|0|0|c00a2d64-1629-4271-8661-d94ff649e94a|
15:17:25||Scripts/cube_cavity/images/Ey/Ey_40.png|8|1|1631093797|195395559186497536:e7c32911|22050|195395559186497536|4||201|0|0|4a4ef70d-664d-40ce-bb8f-403337822a46|
15:17:25||Scripts/cube_cavity/images/Ey/Ey_380.png|8|1|1631093795|195395558649626624:7db7e52f|60582|195395558649626624|4||201|0|0|86ee05b2-9fa5-4e07-83b8-81aa015da965|
15:17:25||Scripts/cube_cavity/images/Ey/Ey_410.png|8|1|1631093796|195395559723368448:88d6874f|49053|195395559723368448|4||201|0|0|d75b2849-54da-4839-8667-4b745d979b82|
15:17:25||Scripts/cube_cavity/images/Ey/Ey_420.png|8|1|1631093796|195395560528674816:468328d5|60300|195395560528674816|4||201|0|0|adb5e70d-2f63-4eba-8c2d-fab9db902c84|
15:17:25||Scripts/cube_cavity/images/Ey/Ey_430.png|8|1|1631093797|195395560797110272:599be551|54414|195395560797110272|4||201|0|0|19ddd4fb-cf8f-4b99-a231-2f171c8f1442|
15:17:25||Scripts/cube_cavity/images/Ey/Ey_440.png|8|1|1631093786|195395561065545728:34a36125|53793|195395561065545728|4||201|0|0|788df4d2-c2c3-461f-b103-eff8a9e10b16|
15:17:25||Scripts/cube_cavity/images/Ey/Ey_450.png|8|1|1631093786|195395561333981184:c7ed2cda|61535|195395561333981184|4||201|0|0|a30415d9-b80f-4815-9645-9df58a613bcb|
15:17:25||Scripts/cube_cavity/images/Ey/Ey_460.png|8|1|1631093796|195395561602416640:eaa1a26a|59561|195395561602416640|4||201|0|0|4a9f6008-5862-48d4-84d4-320569ad811c|
15:17:25||Scripts/cube_cavity/images/Ey/Ey_480.png|8|1|1631093791|195395562676158464:63328ee2|61132|195395562676158464|4||201|0|0|da1aa99c-a36a-41b7-8fe5-afc6de00d25c|
15:17:25||Scripts/cube_cavity/images/Ey/Ey_500.png|8|1|1631093780|195395563213029376:f9a0f4a6|49493|195395563213029376|4||201|0|0|0f54a490-6a00-44b8-823d-5c5174712a19|
15:17:25||Scripts/cube_cavity/images/Ey/Ey_490.png|8|1|1631093791|195395562944593920:0255a58a|52536|195395562944593920|4||201|0|0|e15d4815-e902-4a92-8a1b-039f519f6afb|
15:17:25||Scripts/cube_cavity/images/Ey/Ey_510.png|8|1|1631093790|195395563749900288:dd002e58|54070|195395563749900288|4||201|0|0|6fdbac38-d503-4ffc-a571-341c8f819c4e|
15:17:25||Scripts/cube_cavity/images/Ey/Ey_470.png|8|1|1631093792|195395562407723008:433dadaf|61512|195395562407723008|4||201|0|0|abaf6dc9-a89d-4ccf-99d7-2ceb64699842|
15:17:25||Scripts/cube_cavity/images/Ey/Ey_530.png|8|1|1631093797|195395564823642112:75a546a5|60718|195395564823642112|4||201|0|0|6a52eaff-35bc-4920-9d3a-05f39169c9d4|
15:17:25||Scripts/cube_cavity/images/Ey/Ey_520.png|8|1|1631093790|195395564286771200:6e9717b5|59029|195395564286771200|4||201|0|0|eb273300-9919-4e1f-948f-5ed7f3aa44c0|
15:17:25||Scripts/cube_cavity/images/Ey/Ey_50.png|8|1|1631093795|195395563481464832:cc84549d|21971|195395563481464832|4||201|0|0|6f65e16f-2ffb-4c45-a14b-f204ee2c803e|
15:17:25||Scripts/cube_cavity/images/Ey/Ey_540.png|8|1|1631093779|195395564555206656:b3eff587|56068|195395564555206656|4||201|0|0|17314036-c421-4d66-ad5b-e15cfcde8835|
15:17:25||Scripts/cube_cavity/images/Ey/Ey_560.png|8|1|1631093782|195395565360513024:c30942df|62081|195395565360513024|4||201|0|0|1a2c643e-6dea-4cb1-a92f-f9f8352bc3db|
15:17:25||Scripts/cube_cavity/images/Ey/Ey_580.png|8|1|1631093794|195395565897383936:026b8d1b|49859|195395565897383936|4||201|0|0|e451d1c1-7a39-4cd4-b35f-5afc29331681|
15:17:25||Scripts/cube_cavity/images/Ey/Ey_590.png|8|1|1631093779|195395566165819392:5c0f94aa|55333|195395566165819392|4||201|0|0|0c21cf24-1b69-49f7-872c-d9b8547f62f5|
15:17:25||Scripts/cube_cavity/images/Ey/Ey_570.png|8|1|1631093786|195395565628948480:010ff684|53806|195395565628948480|4||201|0|0|c59b8069-9611-46b3-9172-96c00d2439a4|
15:17:25||Scripts/cube_cavity/images/Ey/Ey_600.png|8|1|1631093784|195395566702690304:880937bf|61946|195395566702690304|4||201|0|0|0f1c4af3-cb67-4b5f-b21a-56c2c50aae12|
15:17:25||Scripts/cube_cavity/images/Ey/Ey_610.png|8|1|1631093793|195395567239561216:3a6b116e|62504|195395567239561216|4||201|0|0|06a2c51a-cca8-4cdf-8502-0bb8e03c69ac|
15:17:25||Scripts/cube_cavity/images/Ey/Ey_60.png|8|1|1631093793|195395566434254848:5f20768a|22530|195395566434254848|4||201|0|0|edba112b-8283-4a71-b51a-265e18c259d5|
15:17:25||Scripts/cube_cavity/images/Ey/Ey_620.png|8|1|1631093798|195395567507996672:24234952|54529|195395567507996672|4||201|0|0|b788659a-69b7-4bf7-96cb-35216071e0d2|
15:17:25||Scripts/cube_cavity/images/Ey/Ey_630.png|8|1|1631093792|195395567776432128:cfd4af4f|58050|195395567776432128|4||201|0|0|871f6965-2e92-405e-ac11-1d0a4eb26b84|
15:17:25||Scripts/cube_cavity/images/Ey/Ey_640.png|8|1|1631093781|195395568581738496:0787dc01|56242|195395568581738496|4||201|0|0|9bbaa5a1-1798-4058-94bf-4e7d83ecc5f2|
15:17:25||Scripts/cube_cavity/images/Ey/Ey_650.png|8|1|1631093791|195395568850173952:130910d2|57254|195395568850173952|4||201|0|0|8d82c1d3-2430-4e83-ac12-a1ebc76c60c0|
15:17:25||Scripts/cube_cavity/images/Ey/Ey_660.png|8|1|1631093793|195395569118609408:1b8d0fb6|63189|195395569118609408|4||201|0|0|dc8d2864-82b8-430e-88cb-db2db3e4f2be|
15:17:25||Scripts/cube_cavity/images/Ey/Ey_670.png|8|1|1631093796|195395569387044864:0667f7e3|55117|195395569387044864|4||201|0|0|fce743d1-76ea-48ef-8821-8b43e1d7e2c4|
15:17:25||Scripts/cube_cavity/images/Ey/Ey_690.png|8|1|1631093782|195395569923915776:865733af|55657|195395569923915776|4||201|0|0|32c15e4a-c575-4f2d-9ae9-4228d22e2211|
15:17:25||Scripts/cube_cavity/images/Ey/Ey_680.png|8|1|1631093798|195395569655480320:040e8dce|55690|195395569655480320|4||201|0|0|5d35b135-0f14-4d9b-a3f4-1eb0b5633b90|
15:17:25||Scripts/cube_cavity/images/Ey/Ey_700.png|8|1|1631093780|195395570729222144:fa6fc566|56918|195395570729222144|4||201|0|0|0032d883-61ae-46fb-aafc-6b84c0bbcf29|
15:17:25||Scripts/cube_cavity/images/Ey/Ey_710.png|8|1|1631093776|195395570997657600:6c215fea|59691|195395570997657600|4||201|0|0|c38bcae0-62e1-46bd-aa14-ff04fb16826b|
15:17:25||Scripts/cube_cavity/images/Ey/Ey_720.png|8|1|1631093790|195395571266093056:7c27446d|59047|195395571266093056|4||201|0|0|d435ace6-748a-404b-9d62-49955829d95b|
15:17:25||Scripts/cube_cavity/images/Ey/Ey_70.png|8|1|1631093789|195395570460786688:52be0c14|24237|195395570460786688|4||201|0|0|c2bfa538-c2c9-434f-a450-deffeb25d8d6|
15:17:25||Scripts/cube_cavity/images/Ey/Ey_550.png|8|1|1631093782|195395565092077568:97a9f912|60283|195395565092077568|4||201|0|0|a3f17e60-4c24-487f-a210-ab6fe5f1bf8f|
15:17:26||Scripts/cube_cavity/images/Ey/Ey_730.png|8|1|1631093777|195395572071399424:ed915962|59595|195395572071399424|4||201|0|0|391e34ac-b8c3-4e0a-bb32-8c3b39568b0c|
15:17:26||Scripts/cube_cavity/images/Ey/Ey_740.png|8|1|1631093774|195395572339834880:80d0b0a3|58198|195395572339834880|4||201|0|0|170cee02-e625-4776-ba04-42aaccdf81b2|
15:17:26||Scripts/cube_cavity/images/Ey/Ey_750.png|8|1|1631093779|195395572608270336:05f92674|60593|195395572608270336|4||201|0|0|f956f7de-2e83-41f3-afed-bbf96a5f40ba|
15:17:26||Scripts/cube_cavity/images/Ey/Ey_760.png|8|1|1631093778|195395572876705792:46fc456c|56865|195395572876705792|4||201|0|0|d8c75f06-c7b1-4428-a51c-6898af3176c9|
15:17:26||Scripts/cube_cavity/images/Ey/Ey_780.png|8|1|1631093787|195395573413576704:2034bc04|58922|195395573413576704|4||201|0|0|82723689-77e7-4e6f-a0e9-1beed3123f1f|
15:17:26||Scripts/cube_cavity/images/Ey/Ey_770.png|8|1|1631093785|195395573145141248:364cd611|59666|195395573145141248|4||201|0|0|67f70ff7-8979-4f76-a8ef-9b326274aafc|
15:17:26||Scripts/cube_cavity/images/Ey/Ey_790.png|8|1|1631093794|195395573682012160:fa2d49d4|59243|195395573682012160|4||201|0|0|a58a228a-f604-4d9c-bafc-d0e00699934a|
15:17:26||Scripts/cube_cavity/images/Ey/Ey_800.png|8|1|1631093778|195395574218883072:ee9b43d4|64967|195395574218883072|4||201|0|0|be0ca9dd-e697-4cdf-9103-e8b5be86993f|
15:17:26||Scripts/cube_cavity/images/Ey/Ey_80.png|8|1|1631093791|195395573950447616:03c8f0ba|24653|195395573950447616|4||201|0|0|5a4f9a4e-b879-4de9-84d1-5c2bb72f6cff|
15:17:26||Scripts/cube_cavity/images/Ey/Ey_820.png|8|1|1631093789|195395574755753984:aacdbabd|59144|195395574755753984|4||201|0|0|f8c0bdf0-bac4-42fa-be55-66091cedded2|
15:17:26||Scripts/cube_cavity/images/Ey/Ey_810.png|8|1|1631093795|195395574487318528:b8c32f7e|65777|195395574487318528|4||201|0|0|0304e6b1-09f0-4a04-886d-d78e34067b21|
15:17:26||Scripts/cube_cavity/images/Ey/Ey_840.png|8|1|1631093783|195395575292624896:2aa755a6|57369|195395575292624896|4||201|0|0|7b9aa1d1-6c01-490a-a701-9d828917dca5|
15:17:26||Scripts/cube_cavity/images/Ey/Ey_830.png|8|1|1631093791|195395575024189440:0e2797cf|56159|195395575024189440|4||201|0|0|acd6ecd3-df82-4419-9c62-3b5b3cb6adf3|
15:17:26||Scripts/cube_cavity/images/Ey/Ey_850.png|8|1|1631093775|195395575561060352:3e36c1e6|63815|195395575561060352|4||201|0|0|081130b0-be6b-43e4-8159-21f630a7a560|
15:17:26||Scripts/cube_cavity/images/Ey/Ey_860.png|8|1|1631093785|195395575829495808:57847919|58983|195395575829495808|4||201|0|0|a1e32785-7820-4824-a7eb-79c20e18d4f3|
15:17:26||Scripts/cube_cavity/images/Ey/Ey_870.png|8|1|1631093794|195395576097931264:3b0ac349|57564|195395576097931264|4||201|0|0|4dab578e-849d-4ee8-90e3-bb98a42010dd|
15:17:26||Scripts/cube_cavity/images/Ey/Ey_890.png|8|1|1631093796|195395576634802176:3b8bd9cb|57267|195395576634802176|4||201|0|0|21204288-40ad-4b25-9443-88517849af93|
15:17:26||Scripts/cube_cavity/images/Ey/Ey_90.png|8|1|1631093785|195395576903237632:618901f0|45953|195395576903237632|4||201|0|0|f3bc1bd2-171c-45e9-9651-b599c9d543fc|
15:17:26||Scripts/cube_cavity/images/Ey/Ey_900.png|8|1|1631093797|195395577171673088:db8e61ea|63278|195395577171673088|4||201|0|0|970300cb-e6e4-4456-b9d2-7e2c781e0d98|
15:17:26||Scripts/cube_cavity/images/Ey/Ey_880.png|8|1|1631093793|195395576366366720:5cb82ca8|57411|195395576366366720|4||201|0|0|4bde0244-5cc1-4d81-a786-651287250c12|
15:17:26||Scripts/cube_cavity/images/Ey/Ey_910.png|8|1|1631093780|195395577440108544:fe6b4faa|52282|195395577440108544|4||201|0|0|6995b489-04e3-462b-9574-c72be465651f|
15:17:26||Scripts/cube_cavity/images/Ey/Ey_920.png|8|1|1631093793|195395577708544000:380853ab|55429|195395577708544000|4||201|0|0|a40385f1-24f9-4c3e-80be-ed2c3a7d1bd3|
15:17:26||Scripts/cube_cavity/images/Ey/Ey_940.png|8|1|1631093776|195395578245414912:dcda2030|54991|195395578245414912|4||201|0|0|5d607701-7964-4d17-8490-2921df095c61|
15:17:26||Scripts/cube_cavity/images/Ey/Ey_930.png|8|1|1631093777|195395577976979456:84674e3c|57344|195395577976979456|4||201|0|0|9c3aa409-2bb8-46f7-85bc-eed45415fdd4|
15:17:26||Scripts/cube_cavity/images/Ey/Ey_950.png|8|1|1631093775|195395578513850368:5641722b|54383|195395578513850368|4||201|0|0|01bec86c-cc0a-4bd1-b208-935bf7310e9d|
15:17:26||Scripts/cube_cavity/images/Ey/Ey_960.png|8|1|1631093791|195395578782285824:fb3ed4ce|55090|195395578782285824|4||201|0|0|74c39ed4-7890-4a38-9a4f-8202ae523dca|
15:17:26||Scripts/cube_cavity/images/Ey/Ey_970.png|8|1|1631093779|195395579050721280:17920f42|53600|195395579050721280|4||201|0|0|8b818c30-65ad-40db-9d04-cf5d36bcd507|
15:17:26||Scripts/cube_cavity/images/Ey/Ey_980.png|8|1|1631093783|195395579319156736:f782194b|56349|195395579319156736|4||201|0|0|af6f1f1a-a364-4a0e-81c5-9fb738473f28|
15:17:26||Scripts/cube_cavity/images/Ez/Ez_10.png|8|1|1635499736|195395579856027648:3ffbf24d|22285|195395579856027648|4||201|0|0|4f299012-74a4-4b35-b7d4-01221b4013c6|
15:17:26||Scripts/cube_cavity/images/Ey/Ey_990.png|8|1|1631093778|195395579587592192:3b0e4317|48786|195395579587592192|4||201|0|0|0ed010b7-9d9a-470a-8ed5-bcb16952fcbd|
15:17:26||Scripts/cube_cavity/images/Ez/Ez_100.png|8|1|1635499754|195395580392898560:15fc792e|22496|195395580392898560|4||201|0|0|3fb2d12b-b86c-4fcd-9d7b-35fa279af508|
15:17:26||Scripts/cube_cavity/images/Ez/Ez_0.png|8|1|1635499734|195395580124463104:9a903cf3|21466|195395580124463104|4||201|0|0|d7f3fc37-a58b-43af-8800-69a5eb0bac85|
15:17:26||Scripts/cube_cavity/images/Ez/Ez_110.png|8|1|1635499756|195395580661334016:d260d47c|22284|195395580661334016|4||201|0|0|a0ec7af8-5a46-4568-85f9-47cad8192d3c|
15:17:26||Scripts/cube_cavity/images/Ez/Ez_120.png|8|1|1635499758|195395580929769472:f5c09473|22730|195395580929769472|4||201|0|0|7c301ada-20af-4d43-95d4-28cc36bfa69f|
15:17:26||Scripts/cube_cavity/images/Ez/Ez_130.png|8|1|1635499761|195395581198204928:2e3479c1|22914|195395581198204928|4||201|0|0|6a075c25-abc2-4eda-a5e3-e3c492632900|
15:17:26||Scripts/cube_cavity/images/Ez/Ez_140.png|8|1|1635499764|195395581466640384:e7548c35|22932|195395581466640384|4||201|0|0|878cf498-ec75-42f7-96e3-e5c9aa3142a3|
15:17:26||Scripts/cube_cavity/images/Ez/Ez_160.png|8|1|1635499777|195395582003511296:b06b9167|23425|195395582003511296|4||201|0|0|57830fd0-fd8f-4ef9-81ce-5ccb494069f5|
15:17:26||Scripts/cube_cavity/images/Ez/Ez_180.png|8|1|1635499782|195395582540382208:5af204c0|24410|195395582540382208|4||201|0|0|9855fec3-0e29-4730-b5fc-498d960c5a7d|
15:17:26||Scripts/cube_cavity/images/Ez/Ez_190.png|8|1|1635499792|195395582808817664:41d76c34|24321|195395582808817664|4||201|0|0|b81d9980-de91-4e54-b4d5-8cf04cbb547c|
15:17:26||Scripts/cube_cavity/images/Ez/Ez_170.png|8|1|1635499779|195395582271946752:6867db43|24890|195395582271946752|4||201|0|0|2520fc82-34c9-4b87-9706-725b8bfe772e|
15:17:26||Scripts/cube_cavity/images/Ez/Ez_20.png|8|1|1635499738|195395583345688576:d48e6e4b|22481|195395583345688576|4||201|0|0|7df7f452-5d4e-42d4-be71-fa8d57e8a611|
15:17:26||Scripts/cube_cavity/images/Ez/Ez_200.png|8|1|1635499902|195395583614124032:792d1ad1|24044|195395583614124032|4||201|0|0|c474a6c9-17da-4206-bff6-c3ee2036a5d1|
15:17:26||Scripts/cube_cavity/images/Ez/Ez_210.png|8|1|1635499904|195395583882559488:fab42308|24186|195395583882559488|4||201|0|0|20015836-7bf3-4c47-9b08-b6c1883a6f73|
15:17:26||Scripts/cube_cavity/images/Ez/Ez_220.png|8|1|1635499906|195395584150994944:2b313e21|24180|195395584150994944|4||201|0|0|4ebc00c8-2530-48db-ba0f-ffd26e75ed60|
15:17:26||Scripts/cube_cavity/images/Ez/Ez_230.png|8|1|1635499908|195395584419430400:bb835a16|24112|195395584419430400|4||201|0|0|399466d8-a005-4e36-8447-d53bb077cde7|
15:17:26||Scripts/cube_cavity/images/Ez/Ez_240.png|8|1|1635499910|195395584687865856:6fa04eaa|24176|195395584687865856|4||201|0|0|64fee540-a998-4da2-b7d2-691007e18b77|
15:17:26||Scripts/cube_cavity/images/Ez/Ez_150.png|8|1|1635499774|195395581735075840:92c0cc2d|23779|195395581735075840|4||201|0|0|c30a2383-7d74-4122-a1a7-494d97b5586c|
15:17:26||Scripts/cube_cavity/images/Ez/Ez_250.png|8|1|1635499912|195395585224736768:45467a1a|24597|195395585224736768|4||201|0|0|b0337dbf-bb67-4ab8-adc2-8d0c665d00d5|
15:17:26||Scripts/cube_cavity/images/Ez/Ez_260.png|8|1|1635499914|195395585493172224:c993d2e0|24400|195395585493172224|4||201|0|0|de10cd0e-f213-4d36-abe1-303aa6db642f|
15:17:26||Scripts/cube_cavity/images/Ez/Ez_270.png|8|1|1635499916|195395586030043136:d3a5f1f3|23952|195395586030043136|4||201|0|0|becfd5e5-c010-4bfe-abf7-62cf0c561c7c|
15:17:26||Scripts/cube_cavity/images/Ez/Ez_280.png|8|1|1635499918|195395585761607680:b21dfa94|23935|195395585761607680|4||201|0|0|2e00ef3c-c67c-4d1c-a05d-fae5b9935d29|
15:17:26||Scripts/cube_cavity/images/Ez/Ez_290.png|8|1|1635499920|195395586298478592:25839890|25138|195395586298478592|4||201|0|0|0406871a-eb5e-4c34-ab51-53db0c9f657f|
15:17:26||Scripts/cube_cavity/images/Ez/Ez_300.png|8|1|1635499922|195395586566914048:31157f53|24775|195395586566914048|4||201|0|0|0d1a953e-4c49-4c88-98d2-b28fd4f55758|
15:17:26||Scripts/cube_cavity/images/Ez/Ez_30.png|8|1|1635499740|195395586835349504:e53d666c|21976|195395586835349504|4||201|0|0|8f20751a-fc99-445a-b8eb-8ecbbe8f295f|
15:17:26||Scripts/cube_cavity/images/Ez/Ez_310.png|8|1|1635499923|195395587103784960:a733fc38|24156|195395587103784960|4||201|0|0|1c4d7529-26ea-4a72-a00c-fe4d4270e3e6|
15:17:26||Scripts/cube_cavity/images/Ez/Ez_320.png|8|1|1635499925|195395587372220416:0322a1bf|24705|195395587372220416|4||201|0|0|718ff362-ebf8-4283-94f7-72480e9b8ae5|
15:17:26||Scripts/cube_cavity/images/Ez/Ez_340.png|8|1|1635499929|195395588177526784:ddbf816c|24287|195395588177526784|4||201|0|0|d21339d0-c4b3-4452-a9ca-f2373715560b|
15:17:26||Scripts/cube_cavity/images/Ez/Ez_330.png|8|1|1635499927|195395587909091328:04c77ab6|24362|195395587909091328|4||201|0|0|bd973b0f-d773-4d7e-b426-3f693f893cd4|
15:17:26||Scripts/cube_cavity/images/Ez/Ez_350.png|8|1|1635499931|195395588445962240:5f21c2d0|24138|195395588445962240|4||201|0|0|b13df3e1-c30f-4d32-98c5-183143386b63|
15:17:26||Scripts/cube_cavity/images/Ez/Ez_360.png|8|1|1635499933|195395588714397696:80daeb69|24490|195395588714397696|4||201|0|0|9ab4df79-10a7-4686-b7c5-ccb5f159665a|
15:17:26||Scripts/cube_cavity/images/Ez/Ez_370.png|8|1|1635499935|195395588982833152:72e23a7f|24064|195395588982833152|4||201|0|0|e6064731-f3d3-4738-b327-5e979e58be75|
15:17:26||Scripts/cube_cavity/images/Ez/Ez_390.png|8|1|1635499939|195395589519704064:2835570d|24570|195395589519704064|4||201|0|0|a2f0d1da-436a-42e4-bcfb-75cca54d3b8d|
15:17:26||Scripts/cube_cavity/images/Ez/Ez_40.png|8|1|1635499742|195395589788139520:5be51a23|22897|195395589788139520|4||201|0|0|8b65ffe7-b7ca-456a-917b-3682fcb935fb|
15:17:26||Scripts/cube_cavity/images/Ez/Ez_380.png|8|1|1635499937|195395589251268608:869063f4|24143|195395589251268608|4||201|0|0|bf8786fd-aa5a-4663-a17b-fa15ea4362ce|
15:17:26||Scripts/cube_cavity/images/Ez/Ez_410.png|8|1|1635499942|195395590325010432:19a43ef1|24245|195395590325010432|4||201|0|0|19c18b5b-f450-4f53-bb70-2f8b30361b18|
15:17:26||Scripts/cube_cavity/images/Ez/Ez_400.png|8|1|1635499940|195395590056574976:d4a51989|24355|195395590056574976|4||201|0|0|1240461b-647a-4dce-b543-850c75b7a283|
15:17:26||Scripts/cube_cavity/images/Ez/Ez_420.png|8|1|1635499944|195395590593445888:16809d23|23716|195395590593445888|4||201|0|0|d897f193-e4e5-47fc-8b17-43a4422c5005|
15:17:26||Scripts/cube_cavity/images/Ez/Ez_440.png|8|1|1635499948|195395591130316800:b3d1d125|23770|195395591130316800|4||201|0|0|c344940f-adf8-4c9e-9733-4fe835908325|
15:17:26||Scripts/cube_cavity/images/Ez/Ez_460.png|8|1|1635499952|195395591667187712:422ebc08|24725|195395591667187712|4||201|0|0|eb5694dc-156a-4d5c-a0a5-b701bb992096|
15:17:26||Scripts/cube_cavity/images/Ez/Ez_450.png|8|1|1635499950|195395591398752256:ce3e0779|23875|195395591398752256|4||201|0|0|f0c5ecb0-bf54-4c3f-9cc4-8ea50b343270|
15:17:26||Scripts/cube_cavity/images/Ez/Ez_470.png|8|1|1635499953|195395591935623168:abd7501e|24631|195395591935623168|4||201|0|0|768bb151-ada2-4274-933c-658d97d26390|
15:17:26||Scripts/cube_cavity/images/Ez/Ez_480.png|8|1|1635499955|195395592204058624:a4a93174|23573|195395592204058624|4||201|0|0|c6ad3a1f-d17d-406d-bae5-8fd2740bd78a|
15:17:26||Scripts/cube_cavity/images/Ez/Ez_490.png|8|1|1635499957|195395592472494080:64ed0313|24082|195395592472494080|4||201|0|0|b0a37e38-ab07-4c64-84bd-c6dae3ea1925|
15:17:26||Scripts/cube_cavity/images/Ez/Ez_50.png|8|1|1635499744|195395592740929536:fe0fad9c|22188|195395592740929536|4||201|0|0|e50bb2a2-0c77-4f69-8d81-663824b62b94|
15:17:27||Scripts/cube_cavity/images/Ez/Ez_500.png|8|1|1635499959|195395593009364992:e3044e29|25138|195395593009364992|4||201|0|0|e0cb96e5-759b-4d6e-bae2-1c5b72930d91|
15:17:27||Scripts/cube_cavity/images/Ez/Ez_530.png|8|1|1635499965|195395594083106816:a93621fc|24155|195395594083106816|4||201|0|0|ffd4593a-da25-4dd1-9ba3-bcaaa8b89a48|
15:17:27||Scripts/cube_cavity/images/Ez/Ez_510.png|8|1|1635499961|195395593814671360:ca2b6597|24188|195395593814671360|4||201|0|0|6dad4a5a-bed6-478d-be7c-cbd93b41443d|
15:17:27||Scripts/cube_cavity/images/Ez/Ez_540.png|8|1|1635499966|195395594351542272:c09c7296|24361|195395594351542272|4||201|0|0|c02d4817-32f6-4f83-b311-399eda515224|
15:17:27||Scripts/cube_cavity/images/Ez/Ez_430.png|8|1|1635499946|195395590861881344:9e56cb6f|25177|195395590861881344|4||201|0|0|8ae8c513-c032-4263-895d-134605fc6697|
15:17:27||Scripts/cube_cavity/images/Ez/Ez_520.png|8|1|1635499963|195395593546235904:44d6af4c|24743|195395593546235904|4||201|0|0|ace49243-ae93-4e77-8443-16edc432ca11|
15:17:27||Scripts/cube_cavity/images/Ez/Ez_550.png|8|1|1635499968|195395594888413184:607f17e7|23406|195395594888413184|4||201|0|0|a17c2ab3-3fa5-4462-8c60-e0377716ad06|
15:17:27||Scripts/cube_cavity/images/Ez/Ez_570.png|8|1|1635499972|195395595156848640:045a99ca|24600|195395595156848640|4||201|0|0|f1948195-0fc7-42b0-9fff-6c41da983d46|
15:17:27||Scripts/cube_cavity/images/Ez/Ez_560.png|8|1|1635499970|195395594619977728:acc7ab2d|24226|195395594619977728|4||201|0|0|d2c457e7-fa18-4d87-8045-faf289d3ac30|
15:17:27||Scripts/cube_cavity/images/Ez/Ez_590.png|8|1|1635499976|195395595693719552:e303b9c9|24827|195395595693719552|4||201|0|0|e346d7e1-e7ca-4576-835c-c2a1eb3be7b2|
15:17:27||Scripts/cube_cavity/images/Ez/Ez_580.png|8|1|1635499974|195395595425284096:8fd35223|23311|195395595425284096|4||201|0|0|f0ff9390-cf5a-4951-93a9-ff7cfff3b19a|
15:17:27||Scripts/cube_cavity/images/Ez/Ez_600.png|8|1|1635499978|195395596230590464:b1d06639|24804|195395596230590464|4||201|0|0|09861387-f161-40b6-8e2d-47cae334f683|
15:17:27||Scripts/cube_cavity/images/Ez/Ez_610.png|8|1|1635499980|195395596499025920:dc329020|24302|195395596499025920|4||201|0|0|12d84293-cb60-42b6-98bd-25873d57dfb6|
15:17:27||Scripts/cube_cavity/images/Ez/Ez_620.png|8|1|1635499981|195395596767461376:bd8d798a|24590|195395596767461376|4||201|0|0|b2198dac-f146-4f48-a4fd-36c679488c43|
15:17:27||Scripts/cube_cavity/images/Ez/Ez_60.png|8|1|1635499745|195395595962155008:0bbb45b0|22443|195395595962155008|4||201|0|0|f8426585-fb66-4042-b033-c6e4628dbe02|
15:17:27||Scripts/cube_cavity/images/Ez/Ez_630.png|8|1|1635499983|195395597304332288:cc6ee6c3|23974|195395597304332288|4||201|0|0|9ab90464-49d5-4ff1-a773-89fcd3a553de|
15:17:27||Scripts/cube_cavity/images/Ez/Ez_640.png|8|1|1635499985|195395597572767744:4b5a9dc5|24854|195395597572767744|4||201|0|0|052850be-9081-4531-b7cd-f41ef00e4e86|
15:17:27||Scripts/cube_cavity/images/Ez/Ez_650.png|8|1|1635499987|195395597841203200:5c9fe3b4|23820|195395597841203200|4||201|0|0|c96233c7-9879-475f-a403-1b5df0d2dec6|
15:17:27||Scripts/cube_cavity/images/Ez/Ez_660.png|8|1|1635499989|195395598109638656:a90cdc06|24850|195395598109638656|4||201|0|0|bcbc6b77-cc89-4791-8eeb-e33b5b67b1b7|
15:17:27||Scripts/cube_cavity/images/Ez/Ez_670.png|8|1|1635499991|195395598378074112:3e2a472a|24607|195395598378074112|4||201|0|0|4e90888b-718f-458d-bc89-e12a0a718ce2|
15:17:27||Scripts/cube_cavity/images/Ez/Ez_680.png|8|1|1635499993|195395598646509568:cce01d7e|23911|195395598646509568|4||201|0|0|24ffedf2-d760-4376-b200-8f4f3cfe42b3|
15:17:27||Scripts/cube_cavity/images/Ez/Ez_690.png|8|1|1635499994|195395598914945024:6022f11a|24920|195395598914945024|4||201|0|0|78661260-b492-4350-82a2-7dab1261244c|
15:17:27||Scripts/cube_cavity/images/Ez/Ez_70.png|8|1|1635499748|195395599183380480:bd1935d8|22499|195395599183380480|4||201|0|0|6d8b0076-9229-4d93-a9b4-fbdbc7c8e33a|
15:17:27||Scripts/cube_cavity/images/Ez/Ez_700.png|8|1|1635499996|195395599451815936:28113a16|24706|195395599451815936|4||201|0|0|f0fa8b58-dacd-4bd8-adb4-5ecc39db1461|
15:17:27||Scripts/cube_cavity/images/Ez/Ez_710.png|8|1|1635499998|195395599720251392:aefc9376|24029|195395599720251392|4||201|0|0|80d8b6e7-1ffb-4a81-996c-2088dc0a9505|
15:17:27||Scripts/cube_cavity/images/Ez/Ez_720.png|8|1|1635500000|195395600257122304:0b987bc3|23735|195395600257122304|4||201|0|0|5b47d487-c063-430f-a037-a62dd4166694|
15:17:27||Scripts/cube_cavity/images/Ez/Ez_740.png|8|1|1635500004|195395600525557760:aa53a8b6|23896|195395600525557760|4||201|0|0|1400e2e1-8aa7-4298-9c54-786a1fe211b9|
15:17:27||Scripts/cube_cavity/images/Ez/Ez_730.png|8|1|1635500002|195395599988686848:47589185|24591|195395599988686848|4||201|0|0|2c0eb064-b176-45e2-b5a4-4d12c1263019|
15:17:27||Scripts/cube_cavity/images/Ez/Ez_750.png|8|1|1635500006|195395600793993216:7d0ea2d0|23416|195395600793993216|4||201|0|0|5e1c7608-dc6c-4117-ab55-3aea8a3dc7ca|
15:17:27||Scripts/cube_cavity/images/Ez/Ez_760.png|8|1|1635500007|195395601062428672:e5d1063f|24428|195395601062428672|4||201|0|0|91a92d45-d6aa-4f4e-ada7-389ea1cbd6e2|
15:17:27||Scripts/cube_cavity/images/Ez/Ez_780.png|8|1|1635500011|195395601599299584:1d0d450d|23693|195395601599299584|4||201|0|0|033344a0-bcf9-40b1-b3a2-9de360bd561a|
15:17:27||Scripts/cube_cavity/images/Ez/Ez_770.png|8|1|1635500009|195395601330864128:9733fa7b|24977|195395601330864128|4||201|0|0|28e50e78-79a9-461c-a07a-5f50e6f36c87|
15:17:27||Scripts/cube_cavity/images/Ez/Ez_790.png|8|1|1635500013|195395601867735040:4c04062d|24525|195395601867735040|4||201|0|0|b79c582f-d76a-47ca-a6ef-17dfc7e3b3af|
15:17:27||Scripts/cube_cavity/images/Ez/Ez_80.png|8|1|1635499749|195395602136170496:f6942a61|22476|195395602136170496|4||201|0|0|14832b42-ae8f-49d5-b7c0-6c7ef86b5908|
15:17:27||Scripts/cube_cavity/images/Ez/Ez_800.png|8|1|1635500015|195395602404605952:a664d46e|24638|195395602404605952|4||201|0|0|f9b3e1fe-b070-4134-b502-a168159b21a0|
15:17:27||Scripts/cube_cavity/images/Ez/Ez_810.png|8|1|1635500017|195395602673041408:88b9696d|23893|195395602673041408|4||201|0|0|5a2d9bdc-f519-42a8-bb50-b0cc9ccf21b4|
15:17:27||Scripts/cube_cavity/images/Ez/Ez_820.png|8|1|1635500019|195395602941476864:e87b1183|23866|195395602941476864|4||201|0|0|214fc2dc-46b4-490d-8cbf-5131d006cad8|
15:17:27||Scripts/cube_cavity/images/Ez/Ez_830.png|8|1|1635500021|195395603209912320:26d781d7|24375|195395603209912320|4||201|0|0|010ff080-b7a9-44b1-a3a3-16f33f012b20|
15:17:27||Scripts/cube_cavity/images/Ez/Ez_840.png|8|1|1635500022|195395603478347776:ed307ec4|23653|195395603478347776|4||201|0|0|6665efd8-5662-428c-a2bc-1b611b26294a|
15:17:27||Scripts/cube_cavity/images/Ez/Ez_860.png|8|1|1635500027|195395604015218688:bf0c6c9e|24808|195395604015218688|4||201|0|0|b107dc08-29b6-4c80-9f3d-ecfd043465a0|
15:17:27||Scripts/cube_cavity/images/Ez/Ez_870.png|8|1|1635500028|195395604283654144:4daf6cde|24778|195395604283654144|4||201|0|0|28abe3bb-0dbd-4617-91a0-2720148e0d82|
15:17:27||Scripts/cube_cavity/images/Ez/Ez_850.png|8|1|1635500024|195395603746783232:d30ba91a|24388|195395603746783232|4||201|0|0|772eb322-de01-4a7a-a68f-07b113ab9b55|
15:17:27||Scripts/cube_cavity/images/Ez/Ez_880.png|8|1|1635500030|195395604552089600:ad350936|24021|195395604552089600|4||201|0|0|a6886c68-f59e-4835-b4c0-7f469581c74e|
15:17:27||Scripts/cube_cavity/images/Ez/Ez_890.png|8|1|1635500032|195395604820525056:7095911c|24334|195395604820525056|4||201|0|0|b34fe1b9-795d-4c9c-a77c-744e023d00f8|
15:17:27||Scripts/cube_cavity/images/Ez/Ez_90.png|8|1|1635499751|195395605088960512:060ba8a7|22664|195395605088960512|4||201|0|0|a1e8e486-bb6a-4654-861a-1fde80ab6a9f|
15:17:27||Scripts/cube_cavity/images/Ez/Ez_900.png|8|1|1635500034|195395605357395968:76d7f323|23861|195395605357395968|4||201|0|0|4452fd5d-49b5-418c-8745-ec7fb3014b26|
15:17:27||Scripts/cube_cavity/images/Ez/Ez_910.png|8|1|1635500036|195395605625831424:de543084|23688|195395605625831424|4||201|0|0|fe1e5207-02aa-497a-89a4-e56ec7269757|
15:17:27||Scripts/cube_cavity/images/Ez/Ez_920.png|8|1|1635500038|195395606162702336:4b7c4862|23607|195395606162702336|4||201|0|0|df1ee129-c7a4-43e6-a821-dea2771a5594|
15:17:27||Scripts/cube_cavity/images/Ez/Ez_930.png|8|1|1635500040|195395605894266880:b42a3677|25038|195395605894266880|4||201|0|0|7c23391b-fc76-4e11-8be7-e7cef87056fd|
15:17:27||Scripts/cube_cavity/images/Ez/Ez_950.png|8|1|1635500043|195395606699573248:09d106f3|23119|195395606699573248|4||201|0|0|38abcbd5-193f-44cd-8dd2-dd7184e844a1|
15:17:27||Scripts/cube_cavity/images/Ez/Ez_940.png|8|1|1635500041|195395606431137792:5904c776|23776|195395606431137792|4||201|0|0|915d2ed1-b772-435b-a363-d6ea39de1d3c|
15:17:27||Scripts/cube_cavity/images/Ez/Ez_960.png|8|1|1635500045|195395606968008704:64d84483|24156|195395606968008704|4||201|0|0|0ce66eff-300e-4e67-9e86-50e9fc161977|
15:17:27||Scripts/cube_cavity/images/Ez/Ez_970.png|8|1|1635500047|195395607236444160:a5f083dc|24868|195395607236444160|4||201|0|0|2cac9fe4-ea6c-4fab-9d01-10e38084ab60|
15:17:27||Scripts/cube_cavity/images/Ez/Ez_980.png|8|1|1635500049|195395607504879616:c3308e47|24119|195395607504879616|4||201|0|0|fdf8e4bc-abfb-4858-a09f-bcf5358e5311|
15:17:27||Scripts/cube_cavity/images/impedance.png|8|1|1635500053|195395608041750528:4c884f4e|20221|195395608041750528|4||201|0|0|99a2dc33-be0b-4a1b-a2a9-e5e6248932af|
15:17:27||Scripts/cube_cavity/images/Ez/Ez_990.png|8|1|1635500051|195395607773315072:91229840|24292|195395607773315072|4||201|0|0|7586429f-f716-44fa-87e4-acf532fbd9de|
15:17:27||Scripts/cube_cavity/images/Ey.mp4|8|1|1631093773|195395608310185984:5ea97f7f|143706|195395608310185984|4||201|0|0|db9b1af4-6d26-428c-beb6-89594a9657d5|
15:17:27||Scripts/cube_cavity/images/w_potential.png|8|1|1635500053|195395609115492352:a510fae1|61505|195395609115492352|4||201|0|0|ad52cfdc-a1ec-4c29-aa9d-2053e474bfe7|
15:17:27||Scripts/cube_cavity/images/w_function.png|8|1|1635500053|195395608847056896:5b2592c4|61121|195395608847056896|4||201|0|0|a7329387-5532-48c0-a810-9ceef55c048f|
15:17:27||Scripts/cube_cavity/cube_cavity_efg.000.cgmlog|8|1|1631093769|195395609383927808:00000001|0|195395609383927808|4||201|0|0|5888a5f1-3641-4c6d-9101-1ab23cdfbd5c|
15:17:27||Scripts/cube_cavity/cube_cavity_efg.003.cgmlog|8|1|1631093770|195395609652363264:00000001|0|195395609652363264|4||201|0|0|13c44f0c-0fea-449b-89a7-e63a8999deef|
15:17:27||Scripts/cube_cavity/cube_cavity_efg.004.cgmlog|8|1|1631093770|195395609920798720:00000001|0|195395609920798720|4||201|0|0|01cb8e9a-93b1-458e-b6af-b1593c71f42c|
15:17:27||Scripts/cube_cavity/cube_cavity_efg.007.cgmlog|8|1|1631093770|195395611262976000:c7b319c0|101|195395611262976000|4||201|0|0|32b2fde4-7632-408e-8dd1-24af97235f58|
15:17:27||Scripts/cube_cavity/cube_cavity_efg.002.cgmlog|8|1|1631093770|195395610457669632:c66419bb|101|195395610457669632|4||201|0|0|965944ee-b4b1-4143-81b0-56933606b1ab|
15:17:27||Scripts/cube_cavity/cube_cavity_efg.006.cgmlog|8|1|1631093770|195395610994540544:c77019bf|101|195395610994540544|4||201|0|0|5172df60-5918-409f-aca4-8e6c48bd9650|
15:17:27||Scripts/cube_cavity/cube_cavity_efg.005.cgmlog|8|1|1631093768|195395610726105088:c72d19be|101|195395610726105088|4||201|0|0|8aa0ccf5-66a6-47d8-b073-aa7716ebd9bb|
15:17:27||Scripts/cube_cavity/cube_cavity_efg.001.cgmlog|8|1|1631093769|195395610189234176:c62119ba|101|195395610189234176|4||201|0|0|26b4dc86-1011-4dbb-9368-e217472c2ecc|
15:17:27||Scripts/cube_cavity/cube_cavity_efg.008.cgmlog|8|1|1631093769|195395611531411456:c7f619c1|101|195395611531411456|4||201|0|0|c87e3461-6900-475d-aa83-fb1f48744a13|
15:17:27||Scripts/cube_cavity/cube_cavity_efg.011.cgmlog|8|1|1631631465|195395612068282368:c66519bb|101|195395612068282368|4||201|0|0|39b29bff-42ae-4b6a-a83a-7fb534540162|
15:17:27||Scripts/cube_cavity/cube_cavity_efg.009.cgmlog|8|1|1631093769|195395611799846912:c83919c2|101|195395611799846912|4||201|0|0|36075343-1662-44b2-9c56-5ed8e33d20e3|
15:17:27||Scripts/cube_cavity/cube_cavity_efg.010.cgmlog|8|1|1631093769|195395612336717824:c62219ba|101|195395612336717824|4||201|0|0|b8dbaf28-33e8-4d5e-9ba9-fedf31536258|
15:17:27||Scripts/cube_cavity/cube_cavity_efg.012.cgmlog|8|1|1631631889|195395612605153280:c6a819bc|101|195395612605153280|4||201|0|0|7e824847-80c7-4da7-b8ac-51a4d55f4ed4|
15:17:27||Scripts/cube_cavity/cube_cavity_efg.013.cgmlog|8|1|1631632030|195395612873588736:c6eb19bd|101|195395612873588736|4||201|0|0|b584691e-52ba-408d-aa7b-5da904967117|
15:17:27||Scripts/cube_cavity/cube_cavity_efg.014.cgmlog|8|1|1631634433|195395613142024192:c72e19be|101|195395613142024192|4||201|0|0|bf32136f-b5e5-4a1b-ac2e-bb8d7c5a3c65|
15:17:28||Scripts/cube_cavity/cube_cavity_efg.015.cgmlog|8|1|1631634495|195395613410459648:c77119bf|101|195395613410459648|4||201|0|0|ee49ab66-4be5-4961-9a0c-cc4ef1964e7d|
15:17:28||Scripts/cube_cavity/cube_cavity_efg.016.cgmlog|8|1|1631634585|195395613678895104:c7b419c0|101|195395613678895104|4||201|0|0|b6bfb6bc-00ac-49ef-af8e-ec5fb980b1f3|
15:17:28||Scripts/cube_cavity/cube_cavity_efg.017.cgmlog|8|1|1631634617|195395613947330560:c7f719c1|101|195395613947330560|4||201|0|0|f47106d5-24f6-4122-bde6-10c98abe752e|
15:17:28||Scripts/cube_cavity/cube_cavity_efg.019.cgmlog|8|1|1631634672|195395614484201472:c87d19c3|101|195395614484201472|4||201|0|0|ae9cea61-f1e1-40a5-9f96-2a5890dd7af7|
15:17:28||Scripts/cube_cavity/cube_cavity_efg.018.cgmlog|8|1|1631634634|195395614215766016:c83a19c2|101|195395614215766016|4||201|0|0|c0719029-7486-445f-acdd-a784898a0dec|
15:17:28||Scripts/cube_cavity/cube_cavity_efg.020.cgmlog|8|1|1631635082|195395614752636928:c66619bb|101|195395614752636928|4||201|0|0|57b4a2aa-c0b6-4f3f-aeb7-72f9f82d5616|
15:17:28||Scripts/cube_cavity/cube_cavity_efg.022.cgmlog|8|1|1631697212|195395615557943296:c6ec19bd|101|195395615557943296|4||201|0|0|3413cffd-1b12-4f5f-8c58-354f7234fb8d|
15:17:28||Scripts/cube_cavity/cube_cavity_efg.023.cgmlog|8|1|1631697642|195395615826378752:c72f19be|101|195395615826378752|4||201|0|0|8bbc6eac-043f-4ed0-a464-0333835dc368|
15:17:28||Scripts/cube_cavity/cube_cavity_efg.021.cgmlog|8|1|1631697152|195395615289507840:c6a919bc|101|195395615289507840|4||201|0|0|00fcea87-fc94-4b98-a94b-7f29c2495e40|
15:17:28||Scripts/cube_cavity/cube_cavity_efg.024.cgmlog|8|1|1631698354|195395616094814208:c77219bf|101|195395616094814208|4||201|0|0|69b82ba8-1e69-4988-9134-c51b5ee235a1|
15:17:28||Scripts/cube_cavity/cube_cavity_efg.025.cgmlog|8|1|1631700460|195395616363249664:c7b519c0|101|195395616363249664|4||201|0|0|52157fdb-759a-4b82-9505-e87e123a79e2|
15:17:28||Scripts/cube_cavity/cube_cavity_efg.026.cgmlog|8|1|1631705838|195395616631685120:c7f819c1|101|195395616631685120|4||201|0|0|15568b67-36cb-43c6-8a1d-d8d510a5d717|
15:17:28||Scripts/cube_cavity/cube_cavity_efg.027.cgmlog|8|1|1631706594|195395616900120576:c83b19c2|101|195395616900120576|4||201|0|0|7e1770de-1266-41f1-b206-055d8862e7c1|
15:17:28||Scripts/cube_cavity/cube_cavity_efg.032.cgmlog|8|1|1631786842|195395617436991488:c73019be|101|195395617436991488|4||201|0|0|043ee32b-3e9d-4d22-8974-6ebf6d864227|
15:17:28||Scripts/cube_cavity/cube_cavity_efg.028.cgmlog|8|1|1631720660|195395617168556032:c87e19c3|101|195395617168556032|4||201|0|0|19ebd219-96f6-42e5-b4dc-14d083aab9b4|
15:17:28||Scripts/cube_cavity/cube_cavity_efg.033.cgmlog|8|1|1631795607|195395617973862400:00000001|0|195395617973862400|4||201|0|0|442f1a60-719f-42ff-945e-10d8e14fdf86|
15:17:28||Scripts/cube_cavity/cube_cavity_efg.031.cgmlog|8|1|1631786439|195395618242297856:c6ed19bd|101|195395618242297856|4||201|0|0|9b93ea6e-5a32-42b8-9144-3758bb9ac45f|
15:17:28||Scripts/cube_cavity/cube_cavity_efg.030.cgmlog|8|1|1631785958|195395618510733312:c6aa19bc|101|195395618510733312|4||201|0|0|927ec93c-a1b8-4a88-a4f0-6e0d3955b66a|
15:17:28||Scripts/cube_cavity/cube_cavity_efg.029.cgmlog|8|1|1631785257|195395617705426944:c8c119c4|101|195395617705426944|4||201|0|0|b031deab-b209-4682-ad1f-78db401180fb|
15:17:28||Scripts/cube_cavity/cube_cavity_efg.035.cgmlog|8|1|1631798788|195395618779168768:00000001|0|195395618779168768|4||201|0|0|acf5e2a1-5cae-4816-a3a4-2db409594cce|
15:17:28||Scripts/cube_cavity/cube_cavity_efg.036.cgmlog|8|1|1632490297|195395619047604224:00000001|0|195395619047604224|4||201|0|0|745a4f99-58b9-47f4-bc0a-3baf86901a3e|
15:17:28||Scripts/cube_cavity/cube_cavity_efg.037.cgmlog|8|1|1632496229|195395619316039680:00000001|0|195395619316039680|4||201|0|0|4bd4eb80-2615-4217-9840-94019114e8a9|
15:17:28||Scripts/cube_cavity/cube_cavity_efg.039.cgmlog|8|1|1632496904|195395619584475136:00000001|0|195395619584475136|4||201|0|0|0f3739c1-285b-4735-8d6e-d7d54afa6b44|
15:17:28||Scripts/cube_cavity/cube_cavity_efg.040.cgmlog|8|1|1632497398|195395620121346048:00000001|0|195395620121346048|4||201|0|0|cf9e09e4-a88a-4f50-86d4-223dea94bbe9|
15:17:28||Scripts/cube_cavity/cube_cavity_efg.038.cgmlog|8|1|1632496278|195395619852910592:00000001|0|195395619852910592|4||201|0|0|ccf27e3d-2662-430c-a2c5-3bab27319b3f|
15:17:28||Scripts/cube_cavity/cube_cavity_efg.034.cgmlog|8|1|1631798449|195395620389781504:c7b619c0|101|195395620389781504|4||201|0|0|d5daf2b9-ba1c-447b-a064-24fa4139d953|
15:17:28||Scripts/cube_cavity/cube_cavity_efg.041.cgmlog|8|1|1632498736|195395620658216960:00000001|0|195395620658216960|4||201|0|0|cf31ae23-6c56-4171-9cb2-106f7e8b15c5|
15:17:28||Scripts/cube_cavity/cube_cavity_efg.043.cgmlog|8|1|1634302464|195395620926652416:00000001|0|195395620926652416|4||201|0|0|dc8656bb-c569-42fd-b049-22fc199b0911|
15:17:28||Scripts/cube_cavity/cube_cavity_efg.044.cgmlog|8|1|1634302785|195395621731958784:c7fa19c1|101|195395621731958784|4||201|0|0|2000292a-5f96-4af0-a327-99cc172f7fbc|
15:17:28||Scripts/cube_cavity/cube_cavity_efg.046.cgmlog|8|1|1634308029|195395622000394240:c88019c3|101|195395622000394240|4||201|0|0|4509887d-789d-424c-9f12-0dc3d3946273|
15:17:28||Scripts/cube_cavity/cube_cavity_efg.045.cgmlog|8|1|1634305250|195395621463523328:c83d19c2|101|195395621463523328|4||201|0|0|849e66b3-0ec1-4f21-91a6-c3ff0597b17f|
15:17:28||Scripts/cube_cavity/cube_cavity_efg.042.cgmlog|8|1|1634302370|195395621195087872:c77419bf|101|195395621195087872|4||201|0|0|50751cbe-011b-4d33-9217-3ec9e097dd17|
15:17:28||Scripts/cube_cavity/cube_cavity_efg.047.cgmlog|8|1|1634310740|195395622268829696:00000001|0|195395622268829696|4||201|0|0|a429a190-bc81-479c-b7f1-71bfe64c751b|
15:17:28||Scripts/cube_cavity/cube_cavity_efg.py|8|1|1634310745|195395622537265152:5f5c1e5d|9684|195395622537265152|4||201|0|0|8704cc86-e8cb-4435-a587-ee03a70f1e5e|
15:17:28||Scripts/cube_cavity/cube_cavity_mpi.py|8|1|1635512612|195395622805700608:97873e93|14888|195395622805700608|4||201|0|0|37936086-a646-450c-a872-a4ed50f3eda8|
15:17:28||Scripts/cube_cavity/cube_cavity_v2.000.cgmlog|8|1|1634745023|195395623074136064:00000001|0|195395623074136064|4||201|0|0|f65c5021-a440-4b93-bad0-7c0a4efdb8ae|
15:17:28||Scripts/cube_cavity/cube_cavity_v2.001.cgmlog|8|1|1634745659|195395623342571520:00000001|0|195395623342571520|4||201|0|0|1881ce1f-ece7-44d6-bd87-184f3a3bf18a|
15:17:28||Scripts/cube_cavity/cube_cavity_v2.003.cgmlog|8|1|1634745883|195395623879442432:00000001|0|195395623879442432|4||201|0|0|1cd136bc-20f6-4e0d-8f42-7911bdbe9686|
15:17:28||Scripts/cube_cavity/cube_cavity_v2.004.cgmlog|8|1|1634746041|195395624147877888:00000001|0|195395624147877888|4||201|0|0|334c9f40-c9b4-4967-a36f-c7dbb97d2da8|
15:17:28||Scripts/cube_cavity/cube_cavity_v2.005.cgmlog|8|1|1634746107|195395624684748800:00000001|0|195395624684748800|4||201|0|0|1b6ca970-fa5d-485f-b7e2-5f02efa64639|
15:17:28||Scripts/cube_cavity/cube_cavity_v2.007.cgmlog|8|1|1634746824|195395624953184256:00000001|0|195395624953184256|4||201|0|0|173e7742-a63f-4be4-8b0a-740f0e871d62|
15:17:28||Scripts/cube_cavity/cube_cavity_v2.009.cgmlog|8|1|1634747041|195395625490055168:00000001|0|195395625490055168|4||201|0|0|76ffec1a-db67-4cdd-9649-7b3f20c45ff4|
15:17:28||Scripts/cube_cavity/cube_cavity_v2.008.cgmlog|8|1|1634746931|195395625221619712:00000001|0|195395625221619712|4||201|0|0|4c141428-948d-409e-ba73-55aba6b51f39|
15:17:28||Scripts/cube_cavity/cube_cavity_v2.002.cgmlog|8|1|1634745856|195395623611006976:00000001|0|195395623611006976|4||201|0|0|5977561a-069d-4167-a464-24840db7bda4|
15:17:28||Scripts/cube_cavity/cube_cavity_v2.006.cgmlog|8|1|1634746707|195395624416313344:00000001|0|195395624416313344|4||201|0|0|5a75ba20-39aa-48b2-bbb7-a254d6649106|
15:17:28||Scripts/cube_cavity/cube_cavity_v2.010.cgmlog|8|1|1634747067|195395625758490624:00000001|0|195395625758490624|4||201|0|0|343e90a8-235b-4405-a6b3-125a9f8c6a8b|
15:17:28||Scripts/cube_cavity/cube_cavity_v2.011.cgmlog|8|1|1634747290|195395626026926080:00000001|0|195395626026926080|4||201|0|0|b46a05d5-e139-49f4-bef6-034680baf45c|
15:17:28||Scripts/cube_cavity/cube_cavity_v2.012.cgmlog|8|1|1634747461|195395626295361536:00000001|0|195395626295361536|4||201|0|0|95fb7879-19cf-4bf1-a38a-41f90f7f86c5|
15:17:28||Scripts/cube_cavity/cube_cavity_v2.013.cgmlog|8|1|1634747482|195395626563796992:00000001|0|195395626563796992|4||201|0|0|74d78b09-3c87-422d-9081-1525db0216c6|
15:17:28||Scripts/cube_cavity/cube_cavity_v2.015.cgmlog|8|1|1634800908|195395627100667904:00000001|0|195395627100667904|4||201|0|0|40cafc92-4b1f-4195-a64c-dc025314a601|
15:17:28||Scripts/cube_cavity/cube_cavity_v2.016.cgmlog|8|1|1634805046|195395627369103360:00000001|0|195395627369103360|4||201|0|0|760a35ef-dcce-495e-9520-c18ae7345be7|
15:17:28||Scripts/cube_cavity/cube_cavity_v2.017.cgmlog|8|1|1634830089|195395627637538816:00000001|0|195395627637538816|4||201|0|0|ef52576d-69a0-4ad2-aefd-44c714ab95f0|
15:17:28||Scripts/cube_cavity/cube_cavity_v2.018.cgmlog|8|1|1634830473|195395627905974272:00000001|0|195395627905974272|4||201|0|0|1d4f5c25-bea4-444a-ae83-85128a4456b2|
15:17:28||Scripts/cube_cavity/cube_cavity_v2.019.cgmlog|8|1|1634830598|195395628174409728:00000001|0|195395628174409728|4||201|0|0|4d4005ba-8021-40e4-8223-22d6ffd3aa51|
15:17:28||Scripts/cube_cavity/cube_cavity_v2.020.cgmlog|8|1|1634830775|195395628442845184:00000001|0|195395628442845184|4||201|0|0|7d852348-3fd3-4301-9378-80d6110cc269|
||TPCP measurements - EFG|8|2|1629971648|37df6c3:1629971648.527|0|58586819|4||0|0|0||
15:17:28||Scripts/cube_cavity/cube_cavity_v2.021.cgmlog|8|1|1634914626|195395628711280640:00000001|0|195395628711280640|4||201|0|0|024aa112-5989-4e8a-bd2d-d44c42169da3|
15:17:28||Scripts/cube_cavity/cube_cavity_v2.022.cgmlog|8|1|1635427410|195395628979716096:00000001|0|195395628979716096|4||201|0|0|f5aeae50-3fc6-41be-a5bf-4adf7808ea84|
15:17:28||Scripts/lxplus|8|1|1635410745||4096|62613999|4||201|0|0|5ee7e7ca-7447-4705-b669-c9b4c8d9cbe2|
15:17:28||Scripts/cube_cavity/cube_cavity_v2.023.cgmlog|8|1|1635499733|195395629248151552:00000001|0|195395629248151552|4||201|0|0|6eb72f44-1923-4ba5-8f17-8575903e53db|
15:17:28||Scripts/cube_cavity/warpbasics.sublime-workspace|8|1|1631524253|195395630053457920:fd11e716|2791|195395630053457920|4||201|0|0|3d938e04-e9d3-488b-a3de-67f07eda2c14|
15:17:28||Scripts/cube_cavity/ipython.000.cgmlog|8|1|1635518367|195395629785022464:00000001|0|195395629785022464|4||201|0|0|0dada4cd-7fd5-4f3e-90b3-bbd6ba214797|
15:17:28||Scripts/cube_cavity/cube_cavity_v2.py|8|1|1634919132|195395629516587008:494da4dd|11104|195395629516587008|4||201|0|0|62f99270-1933-472c-bfc7-d0c40bfe9e85|
15:17:28||TPCP measurements - EFG/EFG_TPCP-MEASUREMENTS.docx|8|2|1629971296|182946196510212096:87d23ae8|26218|182946196510212096|4||200|0|0|3c96ac4a-6906-49de-8542-2c7ff42c5d2b|
15:17:28||Scripts/cube_cavity/cube_cavity_v2.014.cgmlog|8|1|1634747579|195395626832232448:00000001|0|195395626832232448|4||201|0|0|d8d140d5-7ec8-4e6c-b2ce-bae5943c2fc9|
15:17:29||TPCP measurements - EFG/IMG_20210823_110720.jpg|8|2|1629971434|182947410643779584:2693c510|4769811|182947410643779584|4||200|0|0|0d17d39a-a916-4b74-bd71-4e5afb898ee2|
15:17:29||Scripts/lxplus/images.tar.gz|8|1|1635410745|195395630321893376:29f30b33|45|195395630321893376|4||201|0|0|13fec465-c359-43c5-8ebf-d8baebcea8d3|
15:17:29||TPCP measurements - EFG/IMG_20210823_170843.jpg|8|2|1629971431|182947377357783040:7aba7e4b|4545065|182947377357783040|4||200|0|0|c788a689-19f6-4e84-88f7-3063cb0cccfb|
15:17:28||TPCP measurements - EFG/IMG_20210823_110725.jpg|8|2|1629971433|182947397222006784:fadde751|4592099|182947397222006784|4||200|0|0|e56a5f28-388b-45ed-98bd-676e5c83ee9b|
15:17:29||TPCP measurements - EFG/IMG_20210824_094323.jpg|8|2|1629971429|182947365815058432:c65f3913|4353141|182947365815058432|4||200|0|0|6d77fdc8-d394-4877-ba09-e481f94138e3|
15:17:29||TPCP measurements - EFG/IMG_20210824_112944.jpg|8|2|1629971427|182947341118996480:7d11b6c4|4182773|182947341118996480|4||200|0|0|78686bc5-d5ef-44e9-96c8-90a427ecec26|
15:17:29||TPCP measurements - EFG/IMG_20210824_112949.jpg|8|2|1629971426|182947323670691840:8d5deac8|4868187|182947323670691840|4||200|0|0|25044c34-14e5-417a-8128-2e30426b6b3d|
15:17:29||TPCP measurements - EFG/IMG_20210824_125506.jpg|8|2|1629971424|182947309175177216:02098c21|5640349|182947309175177216|4||200|0|0|c05e07b7-616f-44de-964c-2144155d48aa|
15:17:29||TPCP measurements - EFG/IMG_20210825_092043.jpg|8|2|1629971423|182947293605920768:12bb37f3|4986043|182947293605920768|4||200|0|0|f321b569-d087-4f57-bd08-e9004c547b22|
15:17:29||TPCP measurements - EFG/IMG_20210825_103901.jpg|8|2|1629971422|182947279110406144:1cfcd1fe|4295752|182947279110406144|4||200|0|0|67f88a10-1c50-41f2-88f1-caa470e9ee3d|
15:17:29||TPCP measurements - EFG/IMG_20210825_103907.jpg|8|2|1629971420|182947263272714240:4aab7ebc|4394616|182947263272714240|4||200|0|0|fc6cf2ca-f9b8-406d-a635-9806335fa56b|
15:17:29||TPCP measurements - EFG/IMG_20210824_095712.jpg|8|2|1629971428|182947355614511104:4e4ec6a9|4101575|182947355614511104|4||200|0|0|6a0312a3-09ac-4a4b-a136-12aa7cbf9ea9|
15:17:29||TPCP measurements - EFG/IMG_20210825_103909.jpg|8|2|1629971417|182947234550120448:80ab7a1d|4256573|182947234550120448|4||200|0|0|30f083f5-dcd9-4d8b-9584-b7ea54b72fda|
15:17:29||TPCP measurements - EFG/IMG_20210825_103913.jpg|8|2|1629971415|182947218443993088:e8ca945d|4692323|182947218443993088|4||200|0|0|892885d2-3d01-4f20-af66-b7442c456b74|
15:17:29||TPCP measurements - EFG/IMG_20210825_103920.jpg|8|2|1629971414|182947198848204800:863b047a|4168202|182947198848204800|4||200|0|0|926725dc-c910-4c16-8cbb-20fd08be05c4|
15:17:29||TPCP measurements - EFG/IMG_20210825_105037.jpg|8|2|1629971413|182947183547383808:d9978d89|4804476|182947183547383808|4||200|0|0|00ae8ed9-bebb-4f06-82f8-10010931aa2f|
15:17:29||TPCP measurements - EFG/IMG_20210825_103910.jpg|8|2|1629971419|182947245019103232:ba8a3e69|4006723|182947245019103232|4||200|0|0|0bf46a6c-6d90-4a1c-b980-705671764170|
||Tune measurements|8|2|1632477096|39ac29f:1632477096.058|0|60474015|4||0|0|0||
15:17:30||TPCP measurements - EFG/IMG_20210825_110348.jpg|8|2|1629971411|182947162609418240:b8282da5|4834388|182947162609418240|4||200|0|0|cc1f9e20-792c-4a9e-86a3-63efa5f16951|
||bureaucracy|8|2|1628497301|36a63a7:1628497301.069|0|57303975|4||0|0|0||
15:17:30||Tune measurements/SPS_SPS_26072018_Q20tuneshifts_V.txt|8|2|1632477091|187899682150678528:735f652a|578|187899682150678528|4||200|0|0|ac579b93-4279-42a6-8376-d2cac51e0456|
15:17:30||bureaucracy/DNI.pdf|8|2|1627919767|178735239042957312:edcf215b|299763|178735239042957312|4||200|0|0|0fbba9dc-0311-4423-b7c8-b20b68f6c51d|
15:17:30||TPCP measurements - EFG/IMG_20210825_110351.jpg|8|2|1629971372|182947020875497472:11c15951|4772069|182947020875497472|4||200|0|0|eb7b1b72-b900-4896-9506-6be7397ad1dd|
15:17:30||Tune measurements/tune-measurements.xlsx|8|2|1632477095|187899690740613120:1bc7d8de|41551|187899690740613120|4||200|0|0|77b49f55-3fd8-4263-b3e2-a82cd48807eb|
15:17:30||bureaucracy/offer_letter_2021-06-28-signed.pdf|8|2|1628497250|179461920934330368:f6ab446d|185426|179461920934330368|4||200|0|0|3edcfdd8-fc3d-4851-a8ac-ad361dbda154|
15:17:30||Tune measurements/SPS_SPS_03082018_Q20tuneshifts_V.txt|8|2|1632477091|187899681882243072:80643ab1|1769|187899681882243072|4||200|0|0|69a90852-7368-4363-b1cc-4672fe2d6f21|
15:17:30||bureaucracy/Attestation-EFG.pdf|8|2|1628497301|179461930329571328:c8453abd|195827|179461930329571328|4||200|0|0|30a60899-7bf5-45f7-a066-82be8b322b25|
||images|8|2|1634914709|3b59b1d:1634914709.735|0|62233373|4||0|0|0||
15:17:30||bureaucracy/pasaport.pdf|8|2|1627919613|178735164686336000:0f88b1d0|1097973|178735164686336000|4||200|0|0|1df0e4fd-6265-467a-b4ea-f0fb1b019ad4|
15:17:30||images/impedance.png|8|2|1634914018|193793725363650560:7648c69b|29910|193793725363650560|4||200|0|0|7d3fffa5-0e5e-4480-9a46-e7036840b8e0|
15:17:30||bureaucracy/De La Fuente Garcia.pdf|8|2|1628145257|179019325628219392:c8453abd|195827|179019325628219392|4||200|0|0|37c05921-3bcb-410f-89b5-4eb9973ee7c9|
15:17:30||images/cube_cavity_v2.py|8|2|1634914709|193796790091251712:490e98ea|11066|193796790091251712|4||200|0|0|0c824085-ac82-4f72-b8b2-ff98161c2acb|
15:17:30||images/remmina_WORKBE16870_WORKBE16870_20211022-14478.933287.png|8|2|1634914082|193793853138927616:cd0f4478|176619|193793853138927616|4||200|0|0|18e2a804-77ba-4031-8b8f-76c1b0f72db0|
15:17:30||images/remmina_WORKBE16870_WORKBE16870_20211022-14441.764303.png|8|2|1634914002|193793681071800320:3a2d34f2|172496|193793681071800320|4||200|0|0|d64835c1-bec5-43c3-8528-a5dff213640d|
||lxplus|8|2|1630939569|389acd2:1630939569.021|0|59354322|4||0|0|0||
||matlab|8|2|1635518849|375bcb7:1635518849.009|0|58047671|4||0|0|0||
15:17:30||matlab/Ec_trafico2Dv2.m|8|2|1628754550|179935860643332096:e47664a1|14407|179935860643332096|4||200|0|0|9353406a-705a-4907-9e3b-7ee9c9889fc3|
15:17:30||images/w_potential.png|8|2|1634914016|193793715968409600:f2f9f509|62025|193793715968409600|4||200|0|0|dd5ba348-0ac4-4d34-b358-c3f2100469b1|
15:17:30||images/remmina_WORKBE16870_WORKBE16870_20211022-144929.046015.png|8|2|1634914180|193793954607529984:88a75346|890993|193793954607529984|4||200|0|0|db81f5a8-3a2a-4887-becb-fb1cba2bd6e1|
||python|8|2|1632467426|39ab04c:1632467426.311|0|60469324|4||0|0|0||
15:17:30||python/Screenshot 2021-09-21 at 16-39-52 Cheat sheet Numpy Python copy indd - Numpy_Python_Cheat_Sheet pdf.png|8|2|1632467426|187881588258766848:202e51ad|384372|187881588258766848|4||200|0|0|511b8263-fe25-4c6c-bfbb-c249c3ab363d|
15:17:30||matlab/Ec_traficov3.m|8|2|1628754564|179935871380750336:755b4d03|11548|179935871380750336|4||200|0|0|0c7a3ace-991e-42da-b55d-fea845fae14e|
15:17:30||python/Screenshot 2021-09-21 at 16-40-38 Python_SciPy_Cheat_Sheet_Linear_Algebra pdf.png|8|2|1632467425|187881587721895936:6ddb0aab|403793|187881587721895936|4||200|0|0|1c5b7beb-40ad-4603-8c8e-73559081764c|
15:17:30||images/remmina_WORKBE16870_WORKBE16870_20211022-145143.358045.png|8|2|1634914313|193794877488627712:82f4298a|198154|193794877488627712|4||200|0|0|fb9a91c7-5a7d-496e-a79b-ce41ac2af1fa|
15:17:30||python/Screenshot 2021-09-21 at 16-40-50 Cheat sheet Pandas Python indd - PandasPythonForDataScience pdf.png|8|2|1632467425|187881587453460480:f5088357|333143|187881587453460480|4||200|0|0|4596d34d-797e-420a-8088-a5023293f7d3|
15:17:30||matlab/InstabilityVacuumtank.m|8|2|1628145251|179019324286042112:4f2079f2|2190|179019324286042112|4||200|0|0|607a1de7-8c2c-4f70-b5ce-60b5484f2495|
15:17:30||python/Screenshot 2021-09-21 at 16-41-04 Cheat sheet Seaborn indd - Python_Seaborn_Cheat_Sheet pdf.png|8|2|1632467425|187881587185025024:20baee6b|366139|187881587185025024|4||200|0|0|dc44890f-c791-439c-bcfd-9782a7cbc5d3|
15:17:30||754-Article Text-3480-2-10-20181107.pdf|8|2|1628145252|179019324554477568:14976c85|405131|179019324554477568|4||200|0|0|26742091-1ac9-4b53-9e20-54eaeb961072|
15:17:30||python/Screenshot 2021-09-21 at 16-40-09 Python_Matplotlib_Cheat_Sheet pdf.png|8|2|1632467426|187881587990331392:4a8b17c0|369132|187881587990331392|4||200|0|0|7d9da929-89d0-4d15-8351-3efd0452cd53|
15:17:30||805-3534-1-PB_Elias_impedance.pdf|8|2|1628145258|179019325896654848:f92509aa|3831135|179019325896654848|4||200|0|0|8b9d9063-9a20-4415-b7da-8f0c9381d86e|
15:17:30||814-Article Text-3539-1-10-20181107.pdf|8|2|1628145253|179019325359783936:c55c01b4|130434|179019325359783936|4||200|0|0|7745cda0-f820-4a93-8be0-a3212bea4474|
15:17:30||2017_Book_MathematicsForNonlinearPhenomena.pdf|8|2|1628145250|179019323749171200:7a7c5569|6771348|179019323749171200|4||200|0|0|fcd0a1d6-08f4-4c02-822b-06c282ead3a0|
15:17:31||CERN-THESIS-2013-076.pdf|8|2|1627996518|178824815417753600:93a43de6|9696415|178824815417753600|4||200|0|0|a4e3c6d8-45a9-44ea-8b18-837fbca4b90c|
15:17:31||CEI-20210819.docx|8|2|1629464987|181668054508240896:e7c38081|39803|181668054508240896|4||200|0|0|ad8f114d-25be-4968-884c-7da6b75f91b0|
15:17:31||EMcLAW_manual.pdf|8|2|1632227865|187343067005583360:23965a1a|372136|187343067005583360|4||200|0|0|9304ce72-bad8-48fa-9e98-92ab7164ea0d|
15:17:31||EFG-Numerical-methods.pptx|8|2|1630506051|183994090147282944:3f9d77c9|5166965|183994090147282944|4||200|0|0|011f478e-d8cd-4a4d-8ce3-202fae05e39a|
15:17:31||EFG-Numerical-methods.odp|8|2|1632466982|187880495189590016:48be8fa2|5021492|187880495189590016|4||200|0|0|7f790213-85e5-49da-8bb8-b38a181b8f42|
15:17:31||Vaccaro-1966.isr-66-35.pdf|8|2|1628145253|179019325091348480:98fcb6e4|405343|179019325091348480|4||200|0|0|0940eeba-fe01-41e6-883e-ad64f98e14b2|
15:17:31||README.md|8|1|1631535426|195395634348425216:bd114c22|1684|195395634348425216|4||201|0|0|714e65ba-21f4-4118-a478-b4bbcd1c9dcc|
15:17:31||V-K-Neil-1965-1.1719594.pdf|8|2|1628145252|179019324822913024:029b14e6|858720|179019324822913024|4||200|0|0|51054dee-40f7-4d2f-b9d8-050ae39cc088|
15:17:31||acceso.txt|8|2|1632477111|187899725905657856:38065f9f|285|187899725905657856|4||200|0|0|e2c387e9-4a97-4278-b33d-0a9366eea28a|
15:17:31||beam-instabilities-CEI-199-219 Rumolo.pdf|8|2|1629103774|180555233850556416:04f0ee9b|1341308|180555233850556416|4||200|0|0|c861c109-6bca-4b53-91c9-a119c173761a|
15:17:31||WEYPLS1_TALK_published.pdf|8|2|1627996512|178824795285094400:bbb0e8fa|4232243|178824795285094400|4||200|0|0|b03f69ed-4314-4f31-a0ea-584884686501|
15:17:31||emmpossible-Physical-Interpretation-Maxwell.pdf|8|2|1628145251|179019324017606656:48cb10d9|956328|179019324017606656|4||200|0|0|78f64265-0d7b-4b6e-b85f-57eca0f61cef|
15:17:31||lxplus.txt|8|2|1632477114|187899734495592448:562e5738|261|187899734495592448|4||200|0|0|20e31c85-fac8-473e-a23b-99ebc23a2b57|
15:17:31||learning_ubuntu.odt|8|2|1631697144|186282417315643392:4d53f4e5|16573|186282417315643392|4||200|0|0|7824d086-a306-4768-8b70-cefb46f46a4f|
15:17:31||notesEFG.txt|8|2|1628149300|179025018875805696:15040ac2|814|179025018875805696|4||200|0|0|30a8e80f-5034-4f9b-8b30-efb78c9c7e92|
15:17:31||joplin24092021.jex|8|2|1632499956|187967031264411648:0e6e8357|507392|187967031264411648|4||200|0|0|0f4ee2d6-850f-4dc6-aa18-675205b3ac9c|
15:17:31||wakefields-impedances-Weiland-CST.pdf|8|2|1628249434|179171835085062144:f802282b|1548761|179171835085062144|4||200|0|0|be5ff41e-8a9d-4722-882b-0ca0ec120f1f|
15:17:31||FTEC PROGRAM.pptx|8|2|1634811426|193545659595358208:50871ac4|14362257|193545659595358208|4||200|0|0|3545b4d9-5be0-4b76-8ec3-f47a00aae4f6|
#=#=#=# Syncrun finished 2021-10-29T15:17:31Z (last step: 10344 msec, total: 10555 msec)
#=#=#=# Syncrun started 2021-10-29T15:17:42Z
#=#=#=#=# Propagation starts 2021-10-29T15:17:42Z (last step: 303 msec, total: 303 msec)
#=#=#=# Syncrun finished 2021-10-29T15:17:42Z (last step: 19 msec, total: 323 msec)
#=#=#=# Syncrun started 2021-10-29T15:18:15Z
#=#=#=#=# Propagation starts 2021-10-29T15:18:15Z (last step: 63 msec, total: 63 msec)
#=#=#=# Syncrun finished 2021-10-29T15:18:16Z (last step: 14 msec, total: 77 msec)
